<html>
<head>
<title>TestNG:  Test</title>
<link href="../testng.css" rel="stylesheet" type="text/css" />
<link href="../my-testng.css" rel="stylesheet" type="text/css" />

<style type="text/css">
.log { display: none;} 
.stack-trace { display: none;} 
</style>
<script type="text/javascript">
<!--
function flip(e) {
  current = e.style.display;
  if (current == 'block') {
    e.style.display = 'none';
    return 0;
  }
  else {
    e.style.display = 'block';
    return 1;
  }
}

function toggleBox(szDivId, elem, msg1, msg2)
{
  var res = -1;  if (document.getElementById) {
    res = flip(document.getElementById(szDivId));
  }
  else if (document.all) {
    // this is the way old msie versions work
    res = flip(document.all[szDivId]);
  }
  if(elem) {
    if(res == 0) elem.innerHTML = msg1; else elem.innerHTML = msg2;
  }

}

function toggleAllBoxes() {
  if (document.getElementsByTagName) {
    d = document.getElementsByTagName('div');
    for (i = 0; i < d.length; i++) {
      if (d[i].className == 'log') {
        flip(d[i]);
      }
    }
  }
}

// -->
</script>

</head>
<body>
<h2 align='center'>Test</h2><table border='1' align="center">
<tr>
<td>Tests passed/Failed/Skipped:</td><td>19/5/8</td>
</tr><tr>
<td>Started on:</td><td>Mon Feb 13 12:28:21 IST 2017</td>
</tr>
<tr><td>Total time:</td><td>6708 seconds (6708527 ms)</td>
</tr><tr>
<td>Included groups:</td><td></td>
</tr><tr>
<td>Excluded groups:</td><td></td>
</tr>
</table><p/>
<small><i>(Hover the method name to see the test class name)</i></small><p/>
<table width='100%' border='1' class='invocation-failed'>
<tr><td colspan='4' align='center'><b>FAILED CONFIGURATIONS</b></td></tr>
<tr><td><b>Test method</b></td>
<td width="30%"><b>Exception</b></td>
<td width="10%"><b>Time (seconds)</b></td>
<td><b>Instance</b></td>
</tr>
<tr>
<td title='com.hotelogix.smoke.FrontdeskTest.Ftest.closeApp()'><b>closeApp</b><br>Test class: com.hotelogix.smoke.FrontdeskTest.Ftest</td>
<td><div><pre>org.openqa.selenium.UnhandledAlertException: Unexpected modal dialog (text: You will continue to work on May 20, 2016 without performing Night Audit.
 Do you wish to cancel Night Audit?) The alert disappeared before it could be closed.: You will continue to work on May 20, 2016 without performing Night Audit.
 Do you wish to cancel Night Audit?
Build info: version: &apos;2.46.0&apos;, revision: &apos;61506a4624b13675f24581e453592342b7485d71&apos;, time: &apos;2015-06-04 10:22:50&apos;
System info: host: &apos;hmspc101&apos;, ip: &apos;192.168.2.114&apos;, os.name: &apos;Windows 10&apos;, os.arch: &apos;amd64&apos;, os.version: &apos;10.0&apos;, java.version: &apos;1.8.0_65&apos;
Driver info: org.openqa.selenium.firefox.FirefoxDriver
Capabilities [{applicationCacheEnabled=true, rotatable=false, handlesAlerts=true, databaseEnabled=true, version=40.0, platform=WINDOWS, nativeEvents=false, acceptSslCerts=true, webStorageEnabled=true, locationContextEnabled=true, browserName=firefox, takesScreenshot=true, javascriptEnabled=true, cssSelectorsEnabled=true}]
Session ID: 4bf8d961-335e-4e53-9675-c3b59e626fc6
	at org.openqa.selenium.remote.ErrorHandler.createThrowable(ErrorHandler.java:204)
	at org.openqa.selenium.remote.ErrorHandler.createUnhandledAlertException(ErrorHandler.java:185)
	at org.openqa.selenium.remote.ErrorHandler.throwIfResponseFailed(ErrorHandler.java:152)
	at org.openqa.selenium.remote.RemoteWebDriver.execute(RemoteWebDriver.java:605)
	at org.openqa.selenium.remote.RemoteWebDriver.execute(RemoteWebDriver.java:628)
	at org.openqa.selenium.remote.RemoteWebDriver.close(RemoteWebDriver.java:469)
	at com.hotelogix.smoke.FrontdeskTest.Ftest.closeApp(Ftest.java:2128)
... Removed 29 stack frames</pre></div><a href='#' onClick='toggleBox("stack-trace955994360", this, "Click to show all stack frames", "Click to hide stack frames")'>Click to show all stack frames</a>
<div class='stack-trace' id='stack-trace955994360'><pre>org.openqa.selenium.UnhandledAlertException: Unexpected modal dialog (text: You will continue to work on May 20, 2016 without performing Night Audit.
 Do you wish to cancel Night Audit?) The alert disappeared before it could be closed.: You will continue to work on May 20, 2016 without performing Night Audit.
 Do you wish to cancel Night Audit?
Build info: version: &apos;2.46.0&apos;, revision: &apos;61506a4624b13675f24581e453592342b7485d71&apos;, time: &apos;2015-06-04 10:22:50&apos;
System info: host: &apos;hmspc101&apos;, ip: &apos;192.168.2.114&apos;, os.name: &apos;Windows 10&apos;, os.arch: &apos;amd64&apos;, os.version: &apos;10.0&apos;, java.version: &apos;1.8.0_65&apos;
Driver info: org.openqa.selenium.firefox.FirefoxDriver
Capabilities [{applicationCacheEnabled=true, rotatable=false, handlesAlerts=true, databaseEnabled=true, version=40.0, platform=WINDOWS, nativeEvents=false, acceptSslCerts=true, webStorageEnabled=true, locationContextEnabled=true, browserName=firefox, takesScreenshot=true, javascriptEnabled=true, cssSelectorsEnabled=true}]
Session ID: 4bf8d961-335e-4e53-9675-c3b59e626fc6
	at sun.reflect.NativeConstructorAccessorImpl.newInstance0(Native Method)
	at sun.reflect.NativeConstructorAccessorImpl.newInstance(NativeConstructorAccessorImpl.java:62)
	at sun.reflect.DelegatingConstructorAccessorImpl.newInstance(DelegatingConstructorAccessorImpl.java:45)
	at java.lang.reflect.Constructor.newInstance(Constructor.java:422)
	at org.openqa.selenium.remote.ErrorHandler.createThrowable(ErrorHandler.java:204)
	at org.openqa.selenium.remote.ErrorHandler.createUnhandledAlertException(ErrorHandler.java:185)
	at org.openqa.selenium.remote.ErrorHandler.throwIfResponseFailed(ErrorHandler.java:152)
	at org.openqa.selenium.remote.RemoteWebDriver.execute(RemoteWebDriver.java:605)
	at org.openqa.selenium.remote.RemoteWebDriver.execute(RemoteWebDriver.java:628)
	at org.openqa.selenium.remote.RemoteWebDriver.close(RemoteWebDriver.java:469)
	at com.hotelogix.smoke.FrontdeskTest.Ftest.closeApp(Ftest.java:2128)
	at sun.reflect.GeneratedMethodAccessor15.invoke(Unknown Source)
	at sun.reflect.DelegatingMethodAccessorImpl.invoke(DelegatingMethodAccessorImpl.java:43)
	at java.lang.reflect.Method.invoke(Method.java:497)
	at org.testng.internal.MethodInvocationHelper.invokeMethod(MethodInvocationHelper.java:84)
	at org.testng.internal.Invoker.invokeConfigurationMethod(Invoker.java:564)
	at org.testng.internal.Invoker.invokeConfigurations(Invoker.java:213)
	at org.testng.internal.Invoker.invokeMethod(Invoker.java:786)
	at org.testng.internal.Invoker.invokeTestMethod(Invoker.java:901)
	at org.testng.internal.Invoker.invokeTestMethods(Invoker.java:1231)
	at org.testng.internal.TestMethodWorker.invokeTestMethods(TestMethodWorker.java:127)
	at org.testng.internal.TestMethodWorker.run(TestMethodWorker.java:111)
	at org.testng.TestRunner.privateRun(TestRunner.java:767)
	at org.testng.TestRunner.run(TestRunner.java:617)
	at org.testng.SuiteRunner.runTest(SuiteRunner.java:348)
	at org.testng.SuiteRunner.runSequentially(SuiteRunner.java:343)
	at org.testng.SuiteRunner.privateRun(SuiteRunner.java:305)
	at org.testng.SuiteRunner.run(SuiteRunner.java:254)
	at org.testng.SuiteRunnerWorker.runSuite(SuiteRunnerWorker.java:52)
	at org.testng.SuiteRunnerWorker.run(SuiteRunnerWorker.java:86)
	at org.testng.TestNG.runSuitesSequentially(TestNG.java:1224)
	at org.testng.TestNG.runSuitesLocally(TestNG.java:1149)
	at org.testng.TestNG.run(TestNG.java:1057)
	at org.testng.remote.AbstractRemoteTestNG.run(AbstractRemoteTestNG.java:132)
	at org.testng.remote.RemoteTestNG.initAndRun(RemoteTestNG.java:236)
	at org.testng.remote.RemoteTestNG.main(RemoteTestNG.java:81)
</pre></div></td>
<td>0</td>
<td>com.hotelogix.smoke.FrontdeskTest.Ftest@3a5ed7a6</td></tr>
</table><p>
<table width='100%' border='1' class='invocation-skipped'>
<tr><td colspan='4' align='center'><b>SKIPPED CONFIGURATIONS</b></td></tr>
<tr><td><b>Test method</b></td>
<td width="30%"><b>Exception</b></td>
<td width="10%"><b>Time (seconds)</b></td>
<td><b>Instance</b></td>
</tr>
<tr>
<td title='com.hotelogix.smoke.FrontdeskTest.Ftest.LaunchApp()'><b>LaunchApp</b><br>Test class: com.hotelogix.smoke.FrontdeskTest.Ftest</td>
<td></td>
<td>0</td>
<td>com.hotelogix.smoke.FrontdeskTest.Ftest@3a5ed7a6</td></tr>
<tr>
<td title='com.hotelogix.smoke.FrontdeskTest.Ftest.LaunchApp()'><b>LaunchApp</b><br>Test class: com.hotelogix.smoke.FrontdeskTest.Ftest</td>
<td></td>
<td>0</td>
<td>com.hotelogix.smoke.FrontdeskTest.Ftest@3a5ed7a6</td></tr>
<tr>
<td title='com.hotelogix.smoke.FrontdeskTest.Ftest.LaunchApp()'><b>LaunchApp</b><br>Test class: com.hotelogix.smoke.FrontdeskTest.Ftest</td>
<td></td>
<td>0</td>
<td>com.hotelogix.smoke.FrontdeskTest.Ftest@3a5ed7a6</td></tr>
<tr>
<td title='com.hotelogix.smoke.FrontdeskTest.Ftest.LaunchApp()'><b>LaunchApp</b><br>Test class: com.hotelogix.smoke.FrontdeskTest.Ftest</td>
<td></td>
<td>0</td>
<td>com.hotelogix.smoke.FrontdeskTest.Ftest@3a5ed7a6</td></tr>
<tr>
<td title='com.hotelogix.smoke.FrontdeskTest.Ftest.LaunchApp()'><b>LaunchApp</b><br>Test class: com.hotelogix.smoke.FrontdeskTest.Ftest</td>
<td></td>
<td>0</td>
<td>com.hotelogix.smoke.FrontdeskTest.Ftest@3a5ed7a6</td></tr>
<tr>
<td title='com.hotelogix.smoke.FrontdeskTest.Ftest.LaunchApp()'><b>LaunchApp</b><br>Test class: com.hotelogix.smoke.FrontdeskTest.Ftest</td>
<td></td>
<td>0</td>
<td>com.hotelogix.smoke.FrontdeskTest.Ftest@3a5ed7a6</td></tr>
<tr>
<td title='com.hotelogix.smoke.FrontdeskTest.Ftest.LaunchApp()'><b>LaunchApp</b><br>Test class: com.hotelogix.smoke.FrontdeskTest.Ftest</td>
<td></td>
<td>0</td>
<td>com.hotelogix.smoke.FrontdeskTest.Ftest@3a5ed7a6</td></tr>
<tr>
<td title='com.hotelogix.smoke.FrontdeskTest.Ftest.LaunchApp()'><b>LaunchApp</b><br>Test class: com.hotelogix.smoke.FrontdeskTest.Ftest</td>
<td></td>
<td>0</td>
<td>com.hotelogix.smoke.FrontdeskTest.Ftest@3a5ed7a6</td></tr>
<tr>
<td title='com.hotelogix.smoke.FrontdeskTest.Ftest.closeApp()'><b>closeApp</b><br>Test class: com.hotelogix.smoke.FrontdeskTest.Ftest</td>
<td></td>
<td>0</td>
<td>com.hotelogix.smoke.FrontdeskTest.Ftest@3a5ed7a6</td></tr>
<tr>
<td title='com.hotelogix.smoke.FrontdeskTest.Ftest.closeApp()'><b>closeApp</b><br>Test class: com.hotelogix.smoke.FrontdeskTest.Ftest</td>
<td></td>
<td>0</td>
<td>com.hotelogix.smoke.FrontdeskTest.Ftest@3a5ed7a6</td></tr>
<tr>
<td title='com.hotelogix.smoke.FrontdeskTest.Ftest.closeApp()'><b>closeApp</b><br>Test class: com.hotelogix.smoke.FrontdeskTest.Ftest</td>
<td></td>
<td>0</td>
<td>com.hotelogix.smoke.FrontdeskTest.Ftest@3a5ed7a6</td></tr>
<tr>
<td title='com.hotelogix.smoke.FrontdeskTest.Ftest.closeApp()'><b>closeApp</b><br>Test class: com.hotelogix.smoke.FrontdeskTest.Ftest</td>
<td></td>
<td>0</td>
<td>com.hotelogix.smoke.FrontdeskTest.Ftest@3a5ed7a6</td></tr>
<tr>
<td title='com.hotelogix.smoke.FrontdeskTest.Ftest.closeApp()'><b>closeApp</b><br>Test class: com.hotelogix.smoke.FrontdeskTest.Ftest</td>
<td></td>
<td>0</td>
<td>com.hotelogix.smoke.FrontdeskTest.Ftest@3a5ed7a6</td></tr>
<tr>
<td title='com.hotelogix.smoke.FrontdeskTest.Ftest.closeApp()'><b>closeApp</b><br>Test class: com.hotelogix.smoke.FrontdeskTest.Ftest</td>
<td></td>
<td>0</td>
<td>com.hotelogix.smoke.FrontdeskTest.Ftest@3a5ed7a6</td></tr>
<tr>
<td title='com.hotelogix.smoke.FrontdeskTest.Ftest.closeApp()'><b>closeApp</b><br>Test class: com.hotelogix.smoke.FrontdeskTest.Ftest</td>
<td></td>
<td>0</td>
<td>com.hotelogix.smoke.FrontdeskTest.Ftest@3a5ed7a6</td></tr>
<tr>
<td title='com.hotelogix.smoke.FrontdeskTest.Ftest.closeApp()'><b>closeApp</b><br>Test class: com.hotelogix.smoke.FrontdeskTest.Ftest</td>
<td></td>
<td>0</td>
<td>com.hotelogix.smoke.FrontdeskTest.Ftest@3a5ed7a6</td></tr>
</table><p>
<table width='100%' border='1' class='invocation-failed'>
<tr><td colspan='4' align='center'><b>FAILED TESTS</b></td></tr>
<tr><td><b>Test method</b></td>
<td width="30%"><b>Exception</b></td>
<td width="10%"><b>Time (seconds)</b></td>
<td><b>Instance</b></td>
</tr>
<tr>
<td title='com.hotelogix.smoke.FrontdeskTest.Ftest.TC_26()'><b>TC_26</b><br>Test class: com.hotelogix.smoke.FrontdeskTest.Ftest</td>
<td><div><pre>java.lang.AssertionError: expected [night_audit__en__2.0.pdf] but found [PDF.js viewer]
	at com.hotelogix.smoke.FrontdeskTest.Ftest.TC_26(Ftest.java:240)
... Removed 29 stack frames</pre></div><a href='#' onClick='toggleBox("stack-trace779018428", this, "Click to show all stack frames", "Click to hide stack frames")'>Click to show all stack frames</a>
<div class='stack-trace' id='stack-trace779018428'><pre>java.lang.AssertionError: expected [night_audit__en__2.0.pdf] but found [PDF.js viewer]
	at org.testng.Assert.fail(Assert.java:94)
	at org.testng.Assert.failNotEquals(Assert.java:494)
	at org.testng.Assert.assertEquals(Assert.java:123)
	at org.testng.Assert.assertEquals(Assert.java:176)
	at org.testng.Assert.assertEquals(Assert.java:186)
	at com.hotelogix.smoke.FrontdeskTest.Ftest.TC_26(Ftest.java:240)
	at sun.reflect.NativeMethodAccessorImpl.invoke0(Native Method)
	at sun.reflect.NativeMethodAccessorImpl.invoke(NativeMethodAccessorImpl.java:62)
	at sun.reflect.DelegatingMethodAccessorImpl.invoke(DelegatingMethodAccessorImpl.java:43)
	at java.lang.reflect.Method.invoke(Method.java:497)
	at org.testng.internal.MethodInvocationHelper.invokeMethod(MethodInvocationHelper.java:84)
	at org.testng.internal.Invoker.invokeMethod(Invoker.java:714)
	at org.testng.internal.Invoker.invokeTestMethod(Invoker.java:901)
	at org.testng.internal.Invoker.invokeTestMethods(Invoker.java:1231)
	at org.testng.internal.TestMethodWorker.invokeTestMethods(TestMethodWorker.java:127)
	at org.testng.internal.TestMethodWorker.run(TestMethodWorker.java:111)
	at org.testng.TestRunner.privateRun(TestRunner.java:767)
	at org.testng.TestRunner.run(TestRunner.java:617)
	at org.testng.SuiteRunner.runTest(SuiteRunner.java:348)
	at org.testng.SuiteRunner.runSequentially(SuiteRunner.java:343)
	at org.testng.SuiteRunner.privateRun(SuiteRunner.java:305)
	at org.testng.SuiteRunner.run(SuiteRunner.java:254)
	at org.testng.SuiteRunnerWorker.runSuite(SuiteRunnerWorker.java:52)
	at org.testng.SuiteRunnerWorker.run(SuiteRunnerWorker.java:86)
	at org.testng.TestNG.runSuitesSequentially(TestNG.java:1224)
	at org.testng.TestNG.runSuitesLocally(TestNG.java:1149)
	at org.testng.TestNG.run(TestNG.java:1057)
	at org.testng.remote.AbstractRemoteTestNG.run(AbstractRemoteTestNG.java:132)
	at org.testng.remote.RemoteTestNG.initAndRun(RemoteTestNG.java:236)
	at org.testng.remote.RemoteTestNG.main(RemoteTestNG.java:81)
</pre></div></td>
<td>120</td>
<td>com.hotelogix.smoke.FrontdeskTest.Ftest@3a5ed7a6</td></tr>
<tr>
<td title='com.hotelogix.smoke.FrontdeskTest.Ftest.TC_55_56_57_58_59_60()'><b>TC_55_56_57_58_59_60</b><br>Test class: com.hotelogix.smoke.FrontdeskTest.Ftest</td>
<td><div><pre>org.openqa.selenium.NoSuchElementException: Cannot locate element with text: 1
For documentation on this error, please visit: http://seleniumhq.org/exceptions/no_such_element.html
Build info: version: &apos;2.46.0&apos;, revision: &apos;61506a4624b13675f24581e453592342b7485d71&apos;, time: &apos;2015-06-04 10:22:50&apos;
System info: host: &apos;hmspc101&apos;, ip: &apos;192.168.2.114&apos;, os.name: &apos;Windows 10&apos;, os.arch: &apos;amd64&apos;, os.version: &apos;10.0&apos;, java.version: &apos;1.8.0_65&apos;
Driver info: driver.version: unknown
	at org.openqa.selenium.support.ui.Select.selectByVisibleText(Select.java:150)
	at com.hotelogix.smoke.genericandbase.GenericMethods.selectElement(GenericMethods.java:486)
	at com.hotelogix.smoke.frontdesk.FrontdeskHome.AddQuickReservationForm.FillQuickResForm(AddQuickReservationForm.java:210)
	at com.hotelogix.smoke.FrontdeskTest.Ftest.TC_55_56_57_58_59_60(Ftest.java:861)
... Removed 24 stack frames</pre></div><a href='#' onClick='toggleBox("stack-trace1475889071", this, "Click to show all stack frames", "Click to hide stack frames")'>Click to show all stack frames</a>
<div class='stack-trace' id='stack-trace1475889071'><pre>org.openqa.selenium.NoSuchElementException: Cannot locate element with text: 1
For documentation on this error, please visit: http://seleniumhq.org/exceptions/no_such_element.html
Build info: version: &apos;2.46.0&apos;, revision: &apos;61506a4624b13675f24581e453592342b7485d71&apos;, time: &apos;2015-06-04 10:22:50&apos;
System info: host: &apos;hmspc101&apos;, ip: &apos;192.168.2.114&apos;, os.name: &apos;Windows 10&apos;, os.arch: &apos;amd64&apos;, os.version: &apos;10.0&apos;, java.version: &apos;1.8.0_65&apos;
Driver info: driver.version: unknown
	at org.openqa.selenium.support.ui.Select.selectByVisibleText(Select.java:150)
	at com.hotelogix.smoke.genericandbase.GenericMethods.selectElement(GenericMethods.java:486)
	at com.hotelogix.smoke.frontdesk.FrontdeskHome.AddQuickReservationForm.FillQuickResForm(AddQuickReservationForm.java:210)
	at com.hotelogix.smoke.FrontdeskTest.Ftest.TC_55_56_57_58_59_60(Ftest.java:861)
	at sun.reflect.NativeMethodAccessorImpl.invoke0(Native Method)
	at sun.reflect.NativeMethodAccessorImpl.invoke(NativeMethodAccessorImpl.java:62)
	at sun.reflect.DelegatingMethodAccessorImpl.invoke(DelegatingMethodAccessorImpl.java:43)
	at java.lang.reflect.Method.invoke(Method.java:497)
	at org.testng.internal.MethodInvocationHelper.invokeMethod(MethodInvocationHelper.java:84)
	at org.testng.internal.Invoker.invokeMethod(Invoker.java:714)
	at org.testng.internal.Invoker.invokeTestMethod(Invoker.java:901)
	at org.testng.internal.Invoker.invokeTestMethods(Invoker.java:1231)
	at org.testng.internal.TestMethodWorker.invokeTestMethods(TestMethodWorker.java:127)
	at org.testng.internal.TestMethodWorker.run(TestMethodWorker.java:111)
	at org.testng.TestRunner.privateRun(TestRunner.java:767)
	at org.testng.TestRunner.run(TestRunner.java:617)
	at org.testng.SuiteRunner.runTest(SuiteRunner.java:348)
	at org.testng.SuiteRunner.runSequentially(SuiteRunner.java:343)
	at org.testng.SuiteRunner.privateRun(SuiteRunner.java:305)
	at org.testng.SuiteRunner.run(SuiteRunner.java:254)
	at org.testng.SuiteRunnerWorker.runSuite(SuiteRunnerWorker.java:52)
	at org.testng.SuiteRunnerWorker.run(SuiteRunnerWorker.java:86)
	at org.testng.TestNG.runSuitesSequentially(TestNG.java:1224)
	at org.testng.TestNG.runSuitesLocally(TestNG.java:1149)
	at org.testng.TestNG.run(TestNG.java:1057)
	at org.testng.remote.AbstractRemoteTestNG.run(AbstractRemoteTestNG.java:132)
	at org.testng.remote.RemoteTestNG.initAndRun(RemoteTestNG.java:236)
	at org.testng.remote.RemoteTestNG.main(RemoteTestNG.java:81)
</pre></div></td>
<td>270</td>
<td>com.hotelogix.smoke.FrontdeskTest.Ftest@3a5ed7a6</td></tr>
<tr>
<td title='com.hotelogix.smoke.FrontdeskTest.Ftest.TC_79()'><b>TC_79</b><br>Test class: com.hotelogix.smoke.FrontdeskTest.Ftest<br/>
<a href="#Output-1240727361" onClick='toggleBox("Output-1240727361", this, "Show output", "Hide output");'>Show output</a>

<a href="#Output-1240727361" onClick="toggleAllBoxes();">Show all outputs</a>
<div class='log' id="Output-1240727361">
Order transfer to the:7222222222222<br/>
Folio Matched<br/>
</div>
</td>
<td><div><pre>java.lang.ClassCastException: java.lang.String cannot be cast to java.lang.Number
	at org.openqa.selenium.remote.ErrorHandler$FrameInfoToStackFrame.apply(ErrorHandler.java:297)
	at org.openqa.selenium.remote.ErrorHandler$FrameInfoToStackFrame.apply(ErrorHandler.java:290)
	at com.google.common.collect.Iterators$8.transform(Iterators.java:799)
	at com.google.common.collect.TransformedIterator.next(TransformedIterator.java:48)
	at com.google.common.collect.Iterators$7.computeNext(Iterators.java:651)
	at com.google.common.collect.AbstractIterator.tryToComputeNext(AbstractIterator.java:143)
	at com.google.common.collect.AbstractIterator.hasNext(AbstractIterator.java:138)
	at com.google.common.collect.Iterators.addAll(Iterators.java:361)
	at com.google.common.collect.Lists.newArrayList(Lists.java:160)
	at com.google.common.collect.Iterables.toCollection(Iterables.java:337)
	at com.google.common.collect.Iterables.toArray(Iterables.java:315)
	at org.openqa.selenium.remote.ErrorHandler.rebuildServerError(ErrorHandler.java:270)
	at org.openqa.selenium.remote.ErrorHandler.throwIfResponseFailed(ErrorHandler.java:118)
	at org.openqa.selenium.remote.RemoteWebDriver.execute(RemoteWebDriver.java:605)
	at org.openqa.selenium.remote.RemoteWebDriver.findElement(RemoteWebDriver.java:358)
	at org.openqa.selenium.remote.RemoteWebDriver.findElementByXPath(RemoteWebDriver.java:455)
	at org.openqa.selenium.By$ByXPath.findElement(By.java:358)
	at org.openqa.selenium.remote.RemoteWebDriver.findElement(RemoteWebDriver.java:350)
	at org.openqa.selenium.support.pagefactory.DefaultElementLocator.findElement(DefaultElementLocator.java:69)
	at org.openqa.selenium.support.pagefactory.internal.LocatingElementHandler.invoke(LocatingElementHandler.java:38)
	at com.sun.proxy.$Proxy7.click(Unknown Source)
	at com.hotelogix.smoke.genericandbase.GenericMethods.clickElement(GenericMethods.java:450)
	at com.hotelogix.smoke.frontdesk.FrontdeskHome.FrontdeskLandingPage.fn_clickCurrentLnk(FrontdeskLandingPage.java:486)
	at com.hotelogix.smoke.FrontdeskTest.Ftest.TC_79(Ftest.java:1187)
... Removed 24 stack frames</pre></div><a href='#' onClick='toggleBox("stack-trace1240727361", this, "Click to show all stack frames", "Click to hide stack frames")'>Click to show all stack frames</a>
<div class='stack-trace' id='stack-trace1240727361'><pre>java.lang.ClassCastException: java.lang.String cannot be cast to java.lang.Number
	at org.openqa.selenium.remote.ErrorHandler$FrameInfoToStackFrame.apply(ErrorHandler.java:297)
	at org.openqa.selenium.remote.ErrorHandler$FrameInfoToStackFrame.apply(ErrorHandler.java:290)
	at com.google.common.collect.Iterators$8.transform(Iterators.java:799)
	at com.google.common.collect.TransformedIterator.next(TransformedIterator.java:48)
	at com.google.common.collect.Iterators$7.computeNext(Iterators.java:651)
	at com.google.common.collect.AbstractIterator.tryToComputeNext(AbstractIterator.java:143)
	at com.google.common.collect.AbstractIterator.hasNext(AbstractIterator.java:138)
	at com.google.common.collect.Iterators.addAll(Iterators.java:361)
	at com.google.common.collect.Lists.newArrayList(Lists.java:160)
	at com.google.common.collect.Iterables.toCollection(Iterables.java:337)
	at com.google.common.collect.Iterables.toArray(Iterables.java:315)
	at org.openqa.selenium.remote.ErrorHandler.rebuildServerError(ErrorHandler.java:270)
	at org.openqa.selenium.remote.ErrorHandler.throwIfResponseFailed(ErrorHandler.java:118)
	at org.openqa.selenium.remote.RemoteWebDriver.execute(RemoteWebDriver.java:605)
	at org.openqa.selenium.remote.RemoteWebDriver.findElement(RemoteWebDriver.java:358)
	at org.openqa.selenium.remote.RemoteWebDriver.findElementByXPath(RemoteWebDriver.java:455)
	at org.openqa.selenium.By$ByXPath.findElement(By.java:358)
	at org.openqa.selenium.remote.RemoteWebDriver.findElement(RemoteWebDriver.java:350)
	at org.openqa.selenium.support.pagefactory.DefaultElementLocator.findElement(DefaultElementLocator.java:69)
	at org.openqa.selenium.support.pagefactory.internal.LocatingElementHandler.invoke(LocatingElementHandler.java:38)
	at com.sun.proxy.$Proxy7.click(Unknown Source)
	at com.hotelogix.smoke.genericandbase.GenericMethods.clickElement(GenericMethods.java:450)
	at com.hotelogix.smoke.frontdesk.FrontdeskHome.FrontdeskLandingPage.fn_clickCurrentLnk(FrontdeskLandingPage.java:486)
	at com.hotelogix.smoke.FrontdeskTest.Ftest.TC_79(Ftest.java:1187)
	at sun.reflect.NativeMethodAccessorImpl.invoke0(Native Method)
	at sun.reflect.NativeMethodAccessorImpl.invoke(NativeMethodAccessorImpl.java:62)
	at sun.reflect.DelegatingMethodAccessorImpl.invoke(DelegatingMethodAccessorImpl.java:43)
	at java.lang.reflect.Method.invoke(Method.java:497)
	at org.testng.internal.MethodInvocationHelper.invokeMethod(MethodInvocationHelper.java:84)
	at org.testng.internal.Invoker.invokeMethod(Invoker.java:714)
	at org.testng.internal.Invoker.invokeTestMethod(Invoker.java:901)
	at org.testng.internal.Invoker.invokeTestMethods(Invoker.java:1231)
	at org.testng.internal.TestMethodWorker.invokeTestMethods(TestMethodWorker.java:127)
	at org.testng.internal.TestMethodWorker.run(TestMethodWorker.java:111)
	at org.testng.TestRunner.privateRun(TestRunner.java:767)
	at org.testng.TestRunner.run(TestRunner.java:617)
	at org.testng.SuiteRunner.runTest(SuiteRunner.java:348)
	at org.testng.SuiteRunner.runSequentially(SuiteRunner.java:343)
	at org.testng.SuiteRunner.privateRun(SuiteRunner.java:305)
	at org.testng.SuiteRunner.run(SuiteRunner.java:254)
	at org.testng.SuiteRunnerWorker.runSuite(SuiteRunnerWorker.java:52)
	at org.testng.SuiteRunnerWorker.run(SuiteRunnerWorker.java:86)
	at org.testng.TestNG.runSuitesSequentially(TestNG.java:1224)
	at org.testng.TestNG.runSuitesLocally(TestNG.java:1149)
	at org.testng.TestNG.run(TestNG.java:1057)
	at org.testng.remote.AbstractRemoteTestNG.run(AbstractRemoteTestNG.java:132)
	at org.testng.remote.RemoteTestNG.initAndRun(RemoteTestNG.java:236)
	at org.testng.remote.RemoteTestNG.main(RemoteTestNG.java:81)
</pre></div></td>
<td>333</td>
<td>com.hotelogix.smoke.FrontdeskTest.Ftest@3a5ed7a6</td></tr>
<tr>
<td title='com.hotelogix.smoke.FrontdeskTest.Ftest.TC_84_85_86_87()'><b>TC_84_85_86_87</b><br>Test class: com.hotelogix.smoke.FrontdeskTest.Ftest<br/>
<a href="#Output-507448042" onClick='toggleBox("Output-507448042", this, "Show output", "Hide output");'>Show output</a>

<a href="#Output-507448042" onClick="toggleAllBoxes();">Show all outputs</a>
<div class='log' id="Output-507448042">
Custom charge Allowances header verified<br/>
Posted cutom charge verified at account statement<br/>
</div>
</td>
<td><div><pre>java.lang.AssertionError: expected [Sample French Onion Soup] but found [POS Charge]
	at com.hotelogix.smoke.FrontdeskTest.Ftest.TC_84_85_86_87(Ftest.java:1340)
... Removed 29 stack frames</pre></div><a href='#' onClick='toggleBox("stack-trace507448042", this, "Click to show all stack frames", "Click to hide stack frames")'>Click to show all stack frames</a>
<div class='stack-trace' id='stack-trace507448042'><pre>java.lang.AssertionError: expected [Sample French Onion Soup] but found [POS Charge]
	at org.testng.Assert.fail(Assert.java:94)
	at org.testng.Assert.failNotEquals(Assert.java:494)
	at org.testng.Assert.assertEquals(Assert.java:123)
	at org.testng.Assert.assertEquals(Assert.java:176)
	at org.testng.Assert.assertEquals(Assert.java:186)
	at com.hotelogix.smoke.FrontdeskTest.Ftest.TC_84_85_86_87(Ftest.java:1340)
	at sun.reflect.NativeMethodAccessorImpl.invoke0(Native Method)
	at sun.reflect.NativeMethodAccessorImpl.invoke(NativeMethodAccessorImpl.java:62)
	at sun.reflect.DelegatingMethodAccessorImpl.invoke(DelegatingMethodAccessorImpl.java:43)
	at java.lang.reflect.Method.invoke(Method.java:497)
	at org.testng.internal.MethodInvocationHelper.invokeMethod(MethodInvocationHelper.java:84)
	at org.testng.internal.Invoker.invokeMethod(Invoker.java:714)
	at org.testng.internal.Invoker.invokeTestMethod(Invoker.java:901)
	at org.testng.internal.Invoker.invokeTestMethods(Invoker.java:1231)
	at org.testng.internal.TestMethodWorker.invokeTestMethods(TestMethodWorker.java:127)
	at org.testng.internal.TestMethodWorker.run(TestMethodWorker.java:111)
	at org.testng.TestRunner.privateRun(TestRunner.java:767)
	at org.testng.TestRunner.run(TestRunner.java:617)
	at org.testng.SuiteRunner.runTest(SuiteRunner.java:348)
	at org.testng.SuiteRunner.runSequentially(SuiteRunner.java:343)
	at org.testng.SuiteRunner.privateRun(SuiteRunner.java:305)
	at org.testng.SuiteRunner.run(SuiteRunner.java:254)
	at org.testng.SuiteRunnerWorker.runSuite(SuiteRunnerWorker.java:52)
	at org.testng.SuiteRunnerWorker.run(SuiteRunnerWorker.java:86)
	at org.testng.TestNG.runSuitesSequentially(TestNG.java:1224)
	at org.testng.TestNG.runSuitesLocally(TestNG.java:1149)
	at org.testng.TestNG.run(TestNG.java:1057)
	at org.testng.remote.AbstractRemoteTestNG.run(AbstractRemoteTestNG.java:132)
	at org.testng.remote.RemoteTestNG.initAndRun(RemoteTestNG.java:236)
	at org.testng.remote.RemoteTestNG.main(RemoteTestNG.java:81)
</pre></div></td>
<td>280</td>
<td>com.hotelogix.smoke.FrontdeskTest.Ftest@3a5ed7a6</td></tr>
<tr>
<td title='com.hotelogix.smoke.FrontdeskTest.Ftest.TC_88_89_90()'><b>TC_88_89_90</b><br>Test class: com.hotelogix.smoke.FrontdeskTest.Ftest</td>
<td><div><pre>org.openqa.selenium.StaleElementReferenceException: Element not found in the cache - perhaps the page has changed since it was looked up
Command duration or timeout: 70.06 seconds
For documentation on this error, please visit: http://seleniumhq.org/exceptions/stale_element_reference.html
Build info: version: &apos;2.46.0&apos;, revision: &apos;61506a4624b13675f24581e453592342b7485d71&apos;, time: &apos;2015-06-04 10:22:50&apos;
System info: host: &apos;hmspc101&apos;, ip: &apos;192.168.2.114&apos;, os.name: &apos;Windows 10&apos;, os.arch: &apos;amd64&apos;, os.version: &apos;10.0&apos;, java.version: &apos;1.8.0_65&apos;
Driver info: org.openqa.selenium.firefox.FirefoxDriver
Capabilities [{applicationCacheEnabled=true, rotatable=false, handlesAlerts=true, databaseEnabled=true, version=40.0, platform=WINDOWS, nativeEvents=false, acceptSslCerts=true, webStorageEnabled=true, locationContextEnabled=true, browserName=firefox, takesScreenshot=true, javascriptEnabled=true, cssSelectorsEnabled=true}]
Session ID: 4bf8d961-335e-4e53-9675-c3b59e626fc6
	at org.openqa.selenium.remote.ErrorHandler.createThrowable(ErrorHandler.java:204)
	at org.openqa.selenium.remote.ErrorHandler.throwIfResponseFailed(ErrorHandler.java:156)
	at org.openqa.selenium.remote.RemoteWebDriver.execute(RemoteWebDriver.java:605)
	at org.openqa.selenium.remote.RemoteWebElement.execute(RemoteWebElement.java:269)
	at org.openqa.selenium.remote.RemoteWebElement.click(RemoteWebElement.java:80)
	at org.openqa.selenium.support.pagefactory.internal.LocatingElementHandler.invoke(LocatingElementHandler.java:51)
	at com.sun.proxy.$Proxy7.click(Unknown Source)
	at com.hotelogix.smoke.genericandbase.GenericMethods.clickElement(GenericMethods.java:450)
	at com.hotelogix.smoke.frontdesk.FrontdeskHome.FrontdeskLandingPage.fn_ClickCancelButton(FrontdeskLandingPage.java:623)
	at com.hotelogix.smoke.FrontdeskTest.Ftest.TC_88_89_90(Ftest.java:1376)
Caused by: org.openqa.selenium.StaleElementReferenceException: Element not found in the cache - perhaps the page has changed since it was looked up
For documentation on this error, please visit: http://seleniumhq.org/exceptions/stale_element_reference.html
Build info: version: &apos;2.46.0&apos;, revision: &apos;61506a4624b13675f24581e453592342b7485d71&apos;, time: &apos;2015-06-04 10:22:50&apos;
System info: host: &apos;hmspc101&apos;, ip: &apos;192.168.2.114&apos;, os.name: &apos;Windows 10&apos;, os.arch: &apos;amd64&apos;, os.version: &apos;10.0&apos;, java.version: &apos;1.8.0_65&apos;
Driver info: driver.version: unknown
	at &lt;anonymous class&gt;.fxdriver.cache.getElementAt(resource://fxdriver/modules/web-element-cache.js:8981)
	at &lt;anonymous class&gt;.Utils.getElementAt(file:///C:/Users/deepak/AppData/Local/Temp/anonymous1351764752023086929webdriver-profile/extensions/fxdriver@googlecode.com/components/command-processor.js:8574)
	at &lt;anonymous class&gt;.fxdriver.preconditions.visible(file:///C:/Users/deepak/AppData/Local/Temp/anonymous1351764752023086929webdriver-profile/extensions/fxdriver@googlecode.com/components/command-processor.js:9613)
	at &lt;anonymous class&gt;.DelayedCommand.prototype.checkPreconditions_(file:///C:/Users/deepak/AppData/Local/Temp/anonymous1351764752023086929webdriver-profile/extensions/fxdriver@googlecode.com/components/command-processor.js:12265)
	at &lt;anonymous class&gt;.DelayedCommand.prototype.executeInternal_/h(file:///C:/Users/deepak/AppData/Local/Temp/anonymous1351764752023086929webdriver-profile/extensions/fxdriver@googlecode.com/components/command-processor.js:12282)
	at &lt;anonymous class&gt;.fxdriver.Timer.prototype.setTimeout/&lt;.notify(file:///C:/Users/deepak/AppData/Local/Temp/anonymous1351764752023086929webdriver-profile/extensions/fxdriver@googlecode.com/components/command-processor.js:603)
... Removed 31 stack frames</pre></div><a href='#' onClick='toggleBox("stack-trace1684528583", this, "Click to show all stack frames", "Click to hide stack frames")'>Click to show all stack frames</a>
<div class='stack-trace' id='stack-trace1684528583'><pre>org.openqa.selenium.StaleElementReferenceException: Element not found in the cache - perhaps the page has changed since it was looked up
Command duration or timeout: 70.06 seconds
For documentation on this error, please visit: http://seleniumhq.org/exceptions/stale_element_reference.html
Build info: version: &apos;2.46.0&apos;, revision: &apos;61506a4624b13675f24581e453592342b7485d71&apos;, time: &apos;2015-06-04 10:22:50&apos;
System info: host: &apos;hmspc101&apos;, ip: &apos;192.168.2.114&apos;, os.name: &apos;Windows 10&apos;, os.arch: &apos;amd64&apos;, os.version: &apos;10.0&apos;, java.version: &apos;1.8.0_65&apos;
Driver info: org.openqa.selenium.firefox.FirefoxDriver
Capabilities [{applicationCacheEnabled=true, rotatable=false, handlesAlerts=true, databaseEnabled=true, version=40.0, platform=WINDOWS, nativeEvents=false, acceptSslCerts=true, webStorageEnabled=true, locationContextEnabled=true, browserName=firefox, takesScreenshot=true, javascriptEnabled=true, cssSelectorsEnabled=true}]
Session ID: 4bf8d961-335e-4e53-9675-c3b59e626fc6
	at sun.reflect.NativeConstructorAccessorImpl.newInstance0(Native Method)
	at sun.reflect.NativeConstructorAccessorImpl.newInstance(NativeConstructorAccessorImpl.java:62)
	at sun.reflect.DelegatingConstructorAccessorImpl.newInstance(DelegatingConstructorAccessorImpl.java:45)
	at java.lang.reflect.Constructor.newInstance(Constructor.java:422)
	at org.openqa.selenium.remote.ErrorHandler.createThrowable(ErrorHandler.java:204)
	at org.openqa.selenium.remote.ErrorHandler.throwIfResponseFailed(ErrorHandler.java:156)
	at org.openqa.selenium.remote.RemoteWebDriver.execute(RemoteWebDriver.java:605)
	at org.openqa.selenium.remote.RemoteWebElement.execute(RemoteWebElement.java:269)
	at org.openqa.selenium.remote.RemoteWebElement.click(RemoteWebElement.java:80)
	at sun.reflect.GeneratedMethodAccessor2.invoke(Unknown Source)
	at sun.reflect.DelegatingMethodAccessorImpl.invoke(DelegatingMethodAccessorImpl.java:43)
	at java.lang.reflect.Method.invoke(Method.java:497)
	at org.openqa.selenium.support.pagefactory.internal.LocatingElementHandler.invoke(LocatingElementHandler.java:51)
	at com.sun.proxy.$Proxy7.click(Unknown Source)
	at com.hotelogix.smoke.genericandbase.GenericMethods.clickElement(GenericMethods.java:450)
	at com.hotelogix.smoke.frontdesk.FrontdeskHome.FrontdeskLandingPage.fn_ClickCancelButton(FrontdeskLandingPage.java:623)
	at com.hotelogix.smoke.FrontdeskTest.Ftest.TC_88_89_90(Ftest.java:1376)
	at sun.reflect.NativeMethodAccessorImpl.invoke0(Native Method)
	at sun.reflect.NativeMethodAccessorImpl.invoke(NativeMethodAccessorImpl.java:62)
	at sun.reflect.DelegatingMethodAccessorImpl.invoke(DelegatingMethodAccessorImpl.java:43)
	at java.lang.reflect.Method.invoke(Method.java:497)
	at org.testng.internal.MethodInvocationHelper.invokeMethod(MethodInvocationHelper.java:84)
	at org.testng.internal.Invoker.invokeMethod(Invoker.java:714)
	at org.testng.internal.Invoker.invokeTestMethod(Invoker.java:901)
	at org.testng.internal.Invoker.invokeTestMethods(Invoker.java:1231)
	at org.testng.internal.TestMethodWorker.invokeTestMethods(TestMethodWorker.java:127)
	at org.testng.internal.TestMethodWorker.run(TestMethodWorker.java:111)
	at org.testng.TestRunner.privateRun(TestRunner.java:767)
	at org.testng.TestRunner.run(TestRunner.java:617)
	at org.testng.SuiteRunner.runTest(SuiteRunner.java:348)
	at org.testng.SuiteRunner.runSequentially(SuiteRunner.java:343)
	at org.testng.SuiteRunner.privateRun(SuiteRunner.java:305)
	at org.testng.SuiteRunner.run(SuiteRunner.java:254)
	at org.testng.SuiteRunnerWorker.runSuite(SuiteRunnerWorker.java:52)
	at org.testng.SuiteRunnerWorker.run(SuiteRunnerWorker.java:86)
	at org.testng.TestNG.runSuitesSequentially(TestNG.java:1224)
	at org.testng.TestNG.runSuitesLocally(TestNG.java:1149)
	at org.testng.TestNG.run(TestNG.java:1057)
	at org.testng.remote.AbstractRemoteTestNG.run(AbstractRemoteTestNG.java:132)
	at org.testng.remote.RemoteTestNG.initAndRun(RemoteTestNG.java:236)
	at org.testng.remote.RemoteTestNG.main(RemoteTestNG.java:81)
Caused by: org.openqa.selenium.StaleElementReferenceException: Element not found in the cache - perhaps the page has changed since it was looked up
For documentation on this error, please visit: http://seleniumhq.org/exceptions/stale_element_reference.html
Build info: version: &apos;2.46.0&apos;, revision: &apos;61506a4624b13675f24581e453592342b7485d71&apos;, time: &apos;2015-06-04 10:22:50&apos;
System info: host: &apos;hmspc101&apos;, ip: &apos;192.168.2.114&apos;, os.name: &apos;Windows 10&apos;, os.arch: &apos;amd64&apos;, os.version: &apos;10.0&apos;, java.version: &apos;1.8.0_65&apos;
Driver info: driver.version: unknown
	at &lt;anonymous class&gt;.fxdriver.cache.getElementAt(resource://fxdriver/modules/web-element-cache.js:8981)
	at &lt;anonymous class&gt;.Utils.getElementAt(file:///C:/Users/deepak/AppData/Local/Temp/anonymous1351764752023086929webdriver-profile/extensions/fxdriver@googlecode.com/components/command-processor.js:8574)
	at &lt;anonymous class&gt;.fxdriver.preconditions.visible(file:///C:/Users/deepak/AppData/Local/Temp/anonymous1351764752023086929webdriver-profile/extensions/fxdriver@googlecode.com/components/command-processor.js:9613)
	at &lt;anonymous class&gt;.DelayedCommand.prototype.checkPreconditions_(file:///C:/Users/deepak/AppData/Local/Temp/anonymous1351764752023086929webdriver-profile/extensions/fxdriver@googlecode.com/components/command-processor.js:12265)
	at &lt;anonymous class&gt;.DelayedCommand.prototype.executeInternal_/h(file:///C:/Users/deepak/AppData/Local/Temp/anonymous1351764752023086929webdriver-profile/extensions/fxdriver@googlecode.com/components/command-processor.js:12282)
	at &lt;anonymous class&gt;.fxdriver.Timer.prototype.setTimeout/&lt;.notify(file:///C:/Users/deepak/AppData/Local/Temp/anonymous1351764752023086929webdriver-profile/extensions/fxdriver@googlecode.com/components/command-processor.js:603)
</pre></div></td>
<td>247</td>
<td>com.hotelogix.smoke.FrontdeskTest.Ftest@3a5ed7a6</td></tr>
</table><p>
<table width='100%' border='1' class='invocation-passed'>
<tr><td colspan='4' align='center'><b>PASSED TESTS</b></td></tr>
<tr><td><b>Test method</b></td>
<td width="30%"><b>Exception</b></td>
<td width="10%"><b>Time (seconds)</b></td>
<td><b>Instance</b></td>
</tr>
<tr>
<td title='com.hotelogix.smoke.FrontdeskTest.Ftest.TC_118_119()'><b>TC_118_119</b><br>Test class: com.hotelogix.smoke.FrontdeskTest.Ftest<br/>
<a href="#Output-1532554556" onClick='toggleBox("Output-1532554556", this, "Show output", "Hide output");'>Show output</a>

<a href="#Output-1532554556" onClick="toggleAllBoxes();">Show all outputs</a>
<div class='log' id="Output-1532554556">
Extra bed selected<br/>
selected number of bed found<br/>
</div>
</td>
<td></td>
<td>297</td>
<td>com.hotelogix.smoke.FrontdeskTest.Ftest@3a5ed7a6</td></tr>
<tr>
<td title='com.hotelogix.smoke.FrontdeskTest.Ftest.TC_23()'><b>TC_23</b><br>Test class: com.hotelogix.smoke.FrontdeskTest.Ftest<br/>
<a href="#Output-1990733619" onClick='toggleBox("Output-1990733619", this, "Show output", "Hide output");'>Show output</a>

<a href="#Output-1990733619" onClick="toggleAllBoxes();">Show all outputs</a>
<div class='log' id="Output-1990733619">
TC_23: When 'Continue' button is clicked on Cash Counter Page,system displays a pop-up with message as:
'Please Select Counter'.<br/>
</div>
</td>
<td></td>
<td>37</td>
<td>com.hotelogix.smoke.FrontdeskTest.Ftest@3a5ed7a6</td></tr>
<tr>
<td title='com.hotelogix.smoke.FrontdeskTest.Ftest.TC_24()'><b>TC_24</b><br>Test class: com.hotelogix.smoke.FrontdeskTest.Ftest<br/>
<a href="#Output-1185618138" onClick='toggleBox("Output-1185618138", this, "Show output", "Hide output");'>Show output</a>

<a href="#Output-1185618138" onClick="toggleAllBoxes();">Show all outputs</a>
<div class='log' id="Output-1185618138">
TC_24: When 'Default Counter(Open)' is selected from dropdown and 'Continue' button is clicked on Cash Counter Page,system redirects user to Frontdesk landing page.<br/>
</div>
</td>
<td></td>
<td>52</td>
<td>com.hotelogix.smoke.FrontdeskTest.Ftest@3a5ed7a6</td></tr>
<tr>
<td title='com.hotelogix.smoke.FrontdeskTest.Ftest.TC_25()'><b>TC_25</b><br>Test class: com.hotelogix.smoke.FrontdeskTest.Ftest<br/>
<a href="#Output-540092563" onClick='toggleBox("Output-540092563", this, "Show output", "Hide output");'>Show output</a>

<a href="#Output-540092563" onClick="toggleAllBoxes();">Show all outputs</a>
<div class='log' id="Output-540092563">
TC_25: On clicking 'How to Perform Night Audit Video!' link on Cash Counter Page,system displays a new window for Night Audit Video.<br/>
</div>
</td>
<td></td>
<td>45</td>
<td>com.hotelogix.smoke.FrontdeskTest.Ftest@3a5ed7a6</td></tr>
<tr>
<td title='com.hotelogix.smoke.FrontdeskTest.Ftest.TC_27()'><b>TC_27</b><br>Test class: com.hotelogix.smoke.FrontdeskTest.Ftest<br/>
<a href="#Output-216746962" onClick='toggleBox("Output-216746962", this, "Show output", "Hide output");'>Show output</a>

<a href="#Output-216746962" onClick="toggleAllBoxes();">Show all outputs</a>
<div class='log' id="Output-216746962">
No Counter to Select<br/>
TC_27: When 'Yes' radio button is clicked for 'Open New Cash Counter?' message,system does not display any counter in 'Select Your Counter' dropdown list.<br/>
</div>
</td>
<td></td>
<td>47</td>
<td>com.hotelogix.smoke.FrontdeskTest.Ftest@3a5ed7a6</td></tr>
<tr>
<td title='com.hotelogix.smoke.FrontdeskTest.Ftest.TC_28_29_30()'><b>TC_28_29_30</b><br>Test class: com.hotelogix.smoke.FrontdeskTest.Ftest<br/>
<a href="#Output-2029645118" onClick='toggleBox("Output-2029645118", this, "Show output", "Hide output");'>Show output</a>

<a href="#Output-2029645118" onClick="toggleAllBoxes();">Show all outputs</a>
<div class='log' id="Output-2029645118">
TC_28: Once a user enters login credential and clicks on 'Login' button,user gets redirected to Cash Counter Page in order to select cash counter.<br/>
TC_29: On selecting 'Default Counter(Open)' and clicking 'Continue' button,user gets redirected to Frontdesk page wherein a panel to 'Perform Night Audit' apear.<br/>
 TC_30: When 'Cancel' button for 'Perform Night Audit' panel is clicked,system displays an alert with message as:
'Do you wish to continue', wherein accepting that alert displays Frontdesk page (Tapechart).<br/>
</div>
</td>
<td></td>
<td>66</td>
<td>com.hotelogix.smoke.FrontdeskTest.Ftest@3a5ed7a6</td></tr>
<tr>
<td title='com.hotelogix.smoke.FrontdeskTest.Ftest.TC_31_32_33()'><b>TC_31_32_33</b><br>Test class: com.hotelogix.smoke.FrontdeskTest.Ftest<br/>
<a href="#Output-755759908" onClick='toggleBox("Output-755759908", this, "Show output", "Hide output");'>Show output</a>

<a href="#Output-755759908" onClick="toggleAllBoxes();">Show all outputs</a>
<div class='log' id="Output-755759908">
TC_31_32_33: Reservation created<br/>
</div>
</td>
<td></td>
<td>230</td>
<td>com.hotelogix.smoke.FrontdeskTest.Ftest@3a5ed7a6</td></tr>
<tr>
<td title='com.hotelogix.smoke.FrontdeskTest.Ftest.TC_34()'><b>TC_34</b><br>Test class: com.hotelogix.smoke.FrontdeskTest.Ftest<br/>
<a href="#Output-808653065" onClick='toggleBox("Output-808653065", this, "Show output", "Hide output");'>Show output</a>

<a href="#Output-808653065" onClick="toggleAllBoxes();">Show all outputs</a>
<div class='log' id="Output-808653065">
Reservation for 2 rooms created for 1 night<br/>
</div>
</td>
<td></td>
<td>250</td>
<td>com.hotelogix.smoke.FrontdeskTest.Ftest@3a5ed7a6</td></tr>
<tr>
<td title='com.hotelogix.smoke.FrontdeskTest.Ftest.TC_35_36()'><b>TC_35_36</b><br>Test class: com.hotelogix.smoke.FrontdeskTest.Ftest<br/>
<a href="#Output-1303362110" onClick='toggleBox("Output-1303362110", this, "Show output", "Hide output");'>Show output</a>

<a href="#Output-1303362110" onClick="toggleAllBoxes();">Show all outputs</a>
<div class='log' id="Output-1303362110">
Single Reservation page verified and Reserved.<br/>
</div>
</td>
<td></td>
<td>239</td>
<td>com.hotelogix.smoke.FrontdeskTest.Ftest@3a5ed7a6</td></tr>
<tr>
<td title='com.hotelogix.smoke.FrontdeskTest.Ftest.TC_37_1_39()'><b>TC_37_1_39</b><br>Test class: com.hotelogix.smoke.FrontdeskTest.Ftest<br/>
<a href="#Output-81194567" onClick='toggleBox("Output-81194567", this, "Show output", "Hide output");'>Show output</a>

<a href="#Output-81194567" onClick="toggleAllBoxes();">Show all outputs</a>
<div class='log' id="Output-81194567">
Group Reservation page verified and Reserved.<br/>
</div>
</td>
<td></td>
<td>248</td>
<td>com.hotelogix.smoke.FrontdeskTest.Ftest@3a5ed7a6</td></tr>
<tr>
<td title='com.hotelogix.smoke.FrontdeskTest.Ftest.TC_37_38()'><b>TC_37_38</b><br>Test class: com.hotelogix.smoke.FrontdeskTest.Ftest<br/>
<a href="#Output-1857562888" onClick='toggleBox("Output-1857562888", this, "Show output", "Hide output");'>Show output</a>

<a href="#Output-1857562888" onClick="toggleAllBoxes();">Show all outputs</a>
<div class='log' id="Output-1857562888">
Group Reservation page verified and Reserved.<br/>
</div>
</td>
<td></td>
<td>285</td>
<td>com.hotelogix.smoke.FrontdeskTest.Ftest@3a5ed7a6</td></tr>
<tr>
<td title='com.hotelogix.smoke.FrontdeskTest.Ftest.TC_40()'><b>TC_40</b><br>Test class: com.hotelogix.smoke.FrontdeskTest.Ftest<br/>
<a href="#Output-904409454" onClick='toggleBox("Output-904409454", this, "Show output", "Hide output");'>Show output</a>

<a href="#Output-904409454" onClick="toggleAllBoxes();">Show all outputs</a>
<div class='log' id="Output-904409454">
Single Reervation for 3 nights on Seasionals rate Verified and reservation is Reserved.<br/>
</div>
</td>
<td></td>
<td>219</td>
<td>com.hotelogix.smoke.FrontdeskTest.Ftest@3a5ed7a6</td></tr>
<tr>
<td title='com.hotelogix.smoke.FrontdeskTest.Ftest.TC_41()'><b>TC_41</b><br>Test class: com.hotelogix.smoke.FrontdeskTest.Ftest<br/>
<a href="#Output-1064315206" onClick='toggleBox("Output-1064315206", this, "Show output", "Hide output");'>Show output</a>

<a href="#Output-1064315206" onClick="toggleAllBoxes();">Show all outputs</a>
<div class='log' id="Output-1064315206">
Pakage Rate verify in the reservation<br/>
</div>
</td>
<td></td>
<td>268</td>
<td>com.hotelogix.smoke.FrontdeskTest.Ftest@3a5ed7a6</td></tr>
<tr>
<td title='com.hotelogix.smoke.FrontdeskTest.Ftest.TC_42_43_44_45_46_47()'><b>TC_42_43_44_45_46_47</b><br>Test class: com.hotelogix.smoke.FrontdeskTest.Ftest<br/>
<a href="#Output-1699511597" onClick='toggleBox("Output-1699511597", this, "Show output", "Hide output");'>Show output</a>

<a href="#Output-1699511597" onClick="toggleAllBoxes();">Show all outputs</a>
<div class='log' id="Output-1699511597">
Order transfer to the:72222222<br/>
Folio Matched<br/>
Reservation made and pos transfer to room and booking total remains unchanged after consolidation<br/>
</div>
</td>
<td></td>
<td>334</td>
<td>com.hotelogix.smoke.FrontdeskTest.Ftest@3a5ed7a6</td></tr>
<tr>
<td title='com.hotelogix.smoke.FrontdeskTest.Ftest.TC_50()'><b>TC_50</b><br>Test class: com.hotelogix.smoke.FrontdeskTest.Ftest<br/>
<a href="#Output-1112400678" onClick='toggleBox("Output-1112400678", this, "Show output", "Hide output");'>Show output</a>

<a href="#Output-1112400678" onClick="toggleAllBoxes();">Show all outputs</a>
<div class='log' id="Output-1112400678">
Reservation made over Inclusive rate of package.<br/>
</div>
</td>
<td></td>
<td>284</td>
<td>com.hotelogix.smoke.FrontdeskTest.Ftest@3a5ed7a6</td></tr>
<tr>
<td title='com.hotelogix.smoke.FrontdeskTest.Ftest.TC_61_62_63()'><b>TC_61_62_63</b><br>Test class: com.hotelogix.smoke.FrontdeskTest.Ftest<br/>
<a href="#Output-858846125" onClick='toggleBox("Output-858846125", this, "Show output", "Hide output");'>Show output</a>

<a href="#Output-858846125" onClick="toggleAllBoxes();">Show all outputs</a>
<div class='log' id="Output-858846125">
Discount is given to the guest and verified<br/>
</div>
</td>
<td></td>
<td>242</td>
<td>com.hotelogix.smoke.FrontdeskTest.Ftest@3a5ed7a6</td></tr>
<tr>
<td title='com.hotelogix.smoke.FrontdeskTest.Ftest.TC_71_72_73_74_75_76_77_78()'><b>TC_71_72_73_74_75_76_77_78</b><br>Test class: com.hotelogix.smoke.FrontdeskTest.Ftest<br/>
<a href="#Output-1085041526" onClick='toggleBox("Output-1085041526", this, "Show output", "Hide output");'>Show output</a>

<a href="#Output-1085041526" onClick="toggleAllBoxes();">Show all outputs</a>
<div class='log' id="Output-1085041526">
Order transfer to the:722222222222<br/>
Folio Matched<br/>
Folio verified<br/>
Reservation made and pos transfer to room and booking total remains unchanged after consolidation<br/>
</div>
</td>
<td></td>
<td>332</td>
<td>com.hotelogix.smoke.FrontdeskTest.Ftest@3a5ed7a6</td></tr>
<tr>
<td title='com.hotelogix.smoke.FrontdeskTest.Ftest.TC_80_81_82_83()'><b>TC_80_81_82_83</b><br>Test class: com.hotelogix.smoke.FrontdeskTest.Ftest<br/>
<a href="#Output-190605872" onClick='toggleBox("Output-190605872", this, "Show output", "Hide output");'>Show output</a>

<a href="#Output-190605872" onClick="toggleAllBoxes();">Show all outputs</a>
<div class='log' id="Output-190605872">
Order transfer to the:72222222222222<br/>
Folio Matched<br/>
Consolidate account successfully<br/>
</div>
</td>
<td></td>
<td>321</td>
<td>com.hotelogix.smoke.FrontdeskTest.Ftest@3a5ed7a6</td></tr>
<tr>
<td title='com.hotelogix.smoke.FrontdeskTest.Ftest.Tc_52_53_54()'><b>Tc_52_53_54</b><br>Test class: com.hotelogix.smoke.FrontdeskTest.Ftest<br/>
<a href="#Output-1432687668" onClick='toggleBox("Output-1432687668", this, "Show output", "Hide output");'>Show output</a>

<a href="#Output-1432687668" onClick="toggleAllBoxes();">Show all outputs</a>
<div class='log' id="Output-1432687668">
Save details are verified<br/>
Split successfull<br/>
splited days price verified<br/>
</div>
</td>
<td></td>
<td>291</td>
<td>com.hotelogix.smoke.FrontdeskTest.Ftest@3a5ed7a6</td></tr>
</table><p>
<table width='100%' border='1' class='invocation-skipped'>
<tr><td colspan='4' align='center'><b>SKIPPED TESTS</b></td></tr>
<tr><td><b>Test method</b></td>
<td width="30%"><b>Exception</b></td>
<td width="10%"><b>Time (seconds)</b></td>
<td><b>Instance</b></td>
</tr>
<tr>
<td title='com.hotelogix.smoke.FrontdeskTest.Ftest.TC_100_101_102_103_104()'><b>TC_100_101_102_103_104</b><br>Test class: com.hotelogix.smoke.FrontdeskTest.Ftest</td>
<td></td>
<td>0</td>
<td>com.hotelogix.smoke.FrontdeskTest.Ftest@3a5ed7a6</td></tr>
<tr>
<td title='com.hotelogix.smoke.FrontdeskTest.Ftest.TC_105_106_107()'><b>TC_105_106_107</b><br>Test class: com.hotelogix.smoke.FrontdeskTest.Ftest</td>
<td></td>
<td>0</td>
<td>com.hotelogix.smoke.FrontdeskTest.Ftest@3a5ed7a6</td></tr>
<tr>
<td title='com.hotelogix.smoke.FrontdeskTest.Ftest.TC_108()'><b>TC_108</b><br>Test class: com.hotelogix.smoke.FrontdeskTest.Ftest</td>
<td></td>
<td>0</td>
<td>com.hotelogix.smoke.FrontdeskTest.Ftest@3a5ed7a6</td></tr>
<tr>
<td title='com.hotelogix.smoke.FrontdeskTest.Ftest.TC_109()'><b>TC_109</b><br>Test class: com.hotelogix.smoke.FrontdeskTest.Ftest</td>
<td></td>
<td>0</td>
<td>com.hotelogix.smoke.FrontdeskTest.Ftest@3a5ed7a6</td></tr>
<tr>
<td title='com.hotelogix.smoke.FrontdeskTest.Ftest.TC_110_111_112_113_158_159_160_202_203_204_205()'><b>TC_110_111_112_113_158_159_160_202_203_204_205</b><br>Test class: com.hotelogix.smoke.FrontdeskTest.Ftest</td>
<td></td>
<td>0</td>
<td>com.hotelogix.smoke.FrontdeskTest.Ftest@3a5ed7a6</td></tr>
<tr>
<td title='com.hotelogix.smoke.FrontdeskTest.Ftest.TC_114_115_116()'><b>TC_114_115_116</b><br>Test class: com.hotelogix.smoke.FrontdeskTest.Ftest</td>
<td></td>
<td>0</td>
<td>com.hotelogix.smoke.FrontdeskTest.Ftest@3a5ed7a6</td></tr>
<tr>
<td title='com.hotelogix.smoke.FrontdeskTest.Ftest.TC_92_93_94_95_96_97()'><b>TC_92_93_94_95_96_97</b><br>Test class: com.hotelogix.smoke.FrontdeskTest.Ftest</td>
<td></td>
<td>0</td>
<td>com.hotelogix.smoke.FrontdeskTest.Ftest@3a5ed7a6</td></tr>
<tr>
<td title='com.hotelogix.smoke.FrontdeskTest.Ftest.TC_98_99()'><b>TC_98_99</b><br>Test class: com.hotelogix.smoke.FrontdeskTest.Ftest</td>
<td></td>
<td>0</td>
<td>com.hotelogix.smoke.FrontdeskTest.Ftest@3a5ed7a6</td></tr>
</table><p>
</body>
</html>