<?xml version="1.0" encoding="UTF-8"?>
<!-- Generated by org.testng.reporters.JUnitXMLReporter -->
<testsuite hostname="hmspc101" name="Test" tests="32" failures="5" timestamp="13 Feb 2017 08:50:09 GMT" time="6708.527" errors="0">
  <testcase name="@AfterMethod closeApp" time="0.0" classname="com.hotelogix.smoke.FrontdeskTest.Ftest">
    <failure type="org.openqa.selenium.UnhandledAlertException" message="Unexpected modal dialog (text: You will continue to work on May 20, 2016 without performing Night Audit.
 Do you wish to cancel Night Audit?) The alert disappeared before it could be closed.: You will continue to work on May 20, 2016 without performing Night Audit.
 Do you wish to cancel Night Audit?
Build info: version: &amp;apos;2.46.0&amp;apos;, revision: &amp;apos;61506a4624b13675f24581e453592342b7485d71&amp;apos;, time: &amp;apos;2015-06-04 10:22:50&amp;apos;
System info: host: &amp;apos;hmspc101&amp;apos;, ip: &amp;apos;192.168.2.114&amp;apos;, os.name: &amp;apos;Windows 10&amp;apos;, os.arch: &amp;apos;amd64&amp;apos;, os.version: &amp;apos;10.0&amp;apos;, java.version: &amp;apos;1.8.0_65&amp;apos;
Driver info: org.openqa.selenium.firefox.FirefoxDriver
Capabilities [{applicationCacheEnabled=true, rotatable=false, handlesAlerts=true, databaseEnabled=true, version=40.0, platform=WINDOWS, nativeEvents=false, acceptSslCerts=true, webStorageEnabled=true, locationContextEnabled=true, browserName=firefox, takesScreenshot=true, javascriptEnabled=true, cssSelectorsEnabled=true}]
Session ID: 4bf8d961-335e-4e53-9675-c3b59e626fc6">
      <![CDATA[org.openqa.selenium.UnhandledAlertException: Unexpected modal dialog (text: You will continue to work on May 20, 2016 without performing Night Audit.
 Do you wish to cancel Night Audit?) The alert disappeared before it could be closed.: You will continue to work on May 20, 2016 without performing Night Audit.
 Do you wish to cancel Night Audit?
Build info: version: '2.46.0', revision: '61506a4624b13675f24581e453592342b7485d71', time: '2015-06-04 10:22:50'
System info: host: 'hmspc101', ip: '192.168.2.114', os.name: 'Windows 10', os.arch: 'amd64', os.version: '10.0', java.version: '1.8.0_65'
Driver info: org.openqa.selenium.firefox.FirefoxDriver
Capabilities [{applicationCacheEnabled=true, rotatable=false, handlesAlerts=true, databaseEnabled=true, version=40.0, platform=WINDOWS, nativeEvents=false, acceptSslCerts=true, webStorageEnabled=true, locationContextEnabled=true, browserName=firefox, takesScreenshot=true, javascriptEnabled=true, cssSelectorsEnabled=true}]
Session ID: 4bf8d961-335e-4e53-9675-c3b59e626fc6
	at org.openqa.selenium.remote.ErrorHandler.createThrowable(ErrorHandler.java:204)
	at org.openqa.selenium.remote.ErrorHandler.createUnhandledAlertException(ErrorHandler.java:185)
	at org.openqa.selenium.remote.ErrorHandler.throwIfResponseFailed(ErrorHandler.java:152)
	at org.openqa.selenium.remote.RemoteWebDriver.execute(RemoteWebDriver.java:605)
	at org.openqa.selenium.remote.RemoteWebDriver.execute(RemoteWebDriver.java:628)
	at org.openqa.selenium.remote.RemoteWebDriver.close(RemoteWebDriver.java:469)
	at com.hotelogix.smoke.FrontdeskTest.Ftest.closeApp(Ftest.java:2128)
... Removed 29 stack frames]]>
    </failure>
  </testcase> <!-- @AfterMethod closeApp -->
  <testcase name="@BeforeMethod LaunchApp" time="0.0" classname="com.hotelogix.smoke.FrontdeskTest.Ftest">
    <skipped/>
  </testcase> <!-- @BeforeMethod LaunchApp -->
  <testcase name="@AfterMethod closeApp" time="0.0" classname="com.hotelogix.smoke.FrontdeskTest.Ftest">
    <skipped/>
  </testcase> <!-- @AfterMethod closeApp -->
  <testcase name="@BeforeMethod LaunchApp" time="0.0" classname="com.hotelogix.smoke.FrontdeskTest.Ftest">
    <skipped/>
  </testcase> <!-- @BeforeMethod LaunchApp -->
  <testcase name="@AfterMethod closeApp" time="0.0" classname="com.hotelogix.smoke.FrontdeskTest.Ftest">
    <skipped/>
  </testcase> <!-- @AfterMethod closeApp -->
  <testcase name="@BeforeMethod LaunchApp" time="0.0" classname="com.hotelogix.smoke.FrontdeskTest.Ftest">
    <skipped/>
  </testcase> <!-- @BeforeMethod LaunchApp -->
  <testcase name="@AfterMethod closeApp" time="0.0" classname="com.hotelogix.smoke.FrontdeskTest.Ftest">
    <skipped/>
  </testcase> <!-- @AfterMethod closeApp -->
  <testcase name="@BeforeMethod LaunchApp" time="0.0" classname="com.hotelogix.smoke.FrontdeskTest.Ftest">
    <skipped/>
  </testcase> <!-- @BeforeMethod LaunchApp -->
  <testcase name="@AfterMethod closeApp" time="0.0" classname="com.hotelogix.smoke.FrontdeskTest.Ftest">
    <skipped/>
  </testcase> <!-- @AfterMethod closeApp -->
  <testcase name="@BeforeMethod LaunchApp" time="0.0" classname="com.hotelogix.smoke.FrontdeskTest.Ftest">
    <skipped/>
  </testcase> <!-- @BeforeMethod LaunchApp -->
  <testcase name="@AfterMethod closeApp" time="0.0" classname="com.hotelogix.smoke.FrontdeskTest.Ftest">
    <skipped/>
  </testcase> <!-- @AfterMethod closeApp -->
  <testcase name="@BeforeMethod LaunchApp" time="0.0" classname="com.hotelogix.smoke.FrontdeskTest.Ftest">
    <skipped/>
  </testcase> <!-- @BeforeMethod LaunchApp -->
  <testcase name="@AfterMethod closeApp" time="0.0" classname="com.hotelogix.smoke.FrontdeskTest.Ftest">
    <skipped/>
  </testcase> <!-- @AfterMethod closeApp -->
  <testcase name="@BeforeMethod LaunchApp" time="0.0" classname="com.hotelogix.smoke.FrontdeskTest.Ftest">
    <skipped/>
  </testcase> <!-- @BeforeMethod LaunchApp -->
  <testcase name="@AfterMethod closeApp" time="0.0" classname="com.hotelogix.smoke.FrontdeskTest.Ftest">
    <skipped/>
  </testcase> <!-- @AfterMethod closeApp -->
  <testcase name="@BeforeMethod LaunchApp" time="0.0" classname="com.hotelogix.smoke.FrontdeskTest.Ftest">
    <skipped/>
  </testcase> <!-- @BeforeMethod LaunchApp -->
  <testcase name="@AfterMethod closeApp" time="0.0" classname="com.hotelogix.smoke.FrontdeskTest.Ftest">
    <skipped/>
  </testcase> <!-- @AfterMethod closeApp -->
  <testcase name="TC_118_119" time="297.985" classname="com.hotelogix.smoke.FrontdeskTest.Ftest"/>
  <testcase name="TC_23" time="37.593" classname="com.hotelogix.smoke.FrontdeskTest.Ftest"/>
  <testcase name="TC_24" time="52.568" classname="com.hotelogix.smoke.FrontdeskTest.Ftest"/>
  <testcase name="TC_25" time="45.794" classname="com.hotelogix.smoke.FrontdeskTest.Ftest"/>
  <testcase name="TC_26" time="120.615" classname="com.hotelogix.smoke.FrontdeskTest.Ftest">
    <failure type="java.lang.AssertionError" message="expected [night_audit__en__2.0.pdf] but found [PDF.js viewer]">
      <![CDATA[java.lang.AssertionError: expected [night_audit__en__2.0.pdf] but found [PDF.js viewer]
	at com.hotelogix.smoke.FrontdeskTest.Ftest.TC_26(Ftest.java:240)
... Removed 29 stack frames]]>
    </failure>
  </testcase> <!-- TC_26 -->
  <testcase name="TC_27" time="47.105" classname="com.hotelogix.smoke.FrontdeskTest.Ftest"/>
  <testcase name="TC_28_29_30" time="66.348" classname="com.hotelogix.smoke.FrontdeskTest.Ftest"/>
  <testcase name="TC_31_32_33" time="230.081" classname="com.hotelogix.smoke.FrontdeskTest.Ftest"/>
  <testcase name="TC_34" time="250.17" classname="com.hotelogix.smoke.FrontdeskTest.Ftest"/>
  <testcase name="TC_35_36" time="239.988" classname="com.hotelogix.smoke.FrontdeskTest.Ftest"/>
  <testcase name="TC_37_38" time="285.588" classname="com.hotelogix.smoke.FrontdeskTest.Ftest"/>
  <testcase name="TC_37_1_39" time="248.727" classname="com.hotelogix.smoke.FrontdeskTest.Ftest"/>
  <testcase name="TC_40" time="219.142" classname="com.hotelogix.smoke.FrontdeskTest.Ftest"/>
  <testcase name="TC_41" time="268.279" classname="com.hotelogix.smoke.FrontdeskTest.Ftest"/>
  <testcase name="TC_42_43_44_45_46_47" time="334.434" classname="com.hotelogix.smoke.FrontdeskTest.Ftest"/>
  <testcase name="TC_50" time="284.213" classname="com.hotelogix.smoke.FrontdeskTest.Ftest"/>
  <testcase name="TC_55_56_57_58_59_60" time="270.927" classname="com.hotelogix.smoke.FrontdeskTest.Ftest">
    <failure type="org.openqa.selenium.NoSuchElementException" message="Cannot locate element with text: 1
For documentation on this error, please visit: http://seleniumhq.org/exceptions/no_such_element.html
Build info: version: &amp;apos;2.46.0&amp;apos;, revision: &amp;apos;61506a4624b13675f24581e453592342b7485d71&amp;apos;, time: &amp;apos;2015-06-04 10:22:50&amp;apos;
System info: host: &amp;apos;hmspc101&amp;apos;, ip: &amp;apos;192.168.2.114&amp;apos;, os.name: &amp;apos;Windows 10&amp;apos;, os.arch: &amp;apos;amd64&amp;apos;, os.version: &amp;apos;10.0&amp;apos;, java.version: &amp;apos;1.8.0_65&amp;apos;
Driver info: driver.version: unknown">
      <![CDATA[org.openqa.selenium.NoSuchElementException: Cannot locate element with text: 1
For documentation on this error, please visit: http://seleniumhq.org/exceptions/no_such_element.html
Build info: version: '2.46.0', revision: '61506a4624b13675f24581e453592342b7485d71', time: '2015-06-04 10:22:50'
System info: host: 'hmspc101', ip: '192.168.2.114', os.name: 'Windows 10', os.arch: 'amd64', os.version: '10.0', java.version: '1.8.0_65'
Driver info: driver.version: unknown
	at org.openqa.selenium.support.ui.Select.selectByVisibleText(Select.java:150)
	at com.hotelogix.smoke.genericandbase.GenericMethods.selectElement(GenericMethods.java:486)
	at com.hotelogix.smoke.frontdesk.FrontdeskHome.AddQuickReservationForm.FillQuickResForm(AddQuickReservationForm.java:210)
	at com.hotelogix.smoke.FrontdeskTest.Ftest.TC_55_56_57_58_59_60(Ftest.java:861)
... Removed 24 stack frames]]>
    </failure>
  </testcase> <!-- TC_55_56_57_58_59_60 -->
  <testcase name="Tc_52_53_54" time="291.765" classname="com.hotelogix.smoke.FrontdeskTest.Ftest"/>
  <testcase name="TC_61_62_63" time="242.719" classname="com.hotelogix.smoke.FrontdeskTest.Ftest"/>
  <testcase name="TC_71_72_73_74_75_76_77_78" time="332.584" classname="com.hotelogix.smoke.FrontdeskTest.Ftest"/>
  <testcase name="TC_79" time="333.853" classname="com.hotelogix.smoke.FrontdeskTest.Ftest">
    <failure type="java.lang.ClassCastException" message="java.lang.String cannot be cast to java.lang.Number">
      <![CDATA[java.lang.ClassCastException: java.lang.String cannot be cast to java.lang.Number
	at org.openqa.selenium.remote.ErrorHandler$FrameInfoToStackFrame.apply(ErrorHandler.java:297)
	at org.openqa.selenium.remote.ErrorHandler$FrameInfoToStackFrame.apply(ErrorHandler.java:290)
	at com.google.common.collect.Iterators$8.transform(Iterators.java:799)
	at com.google.common.collect.TransformedIterator.next(TransformedIterator.java:48)
	at com.google.common.collect.Iterators$7.computeNext(Iterators.java:651)
	at com.google.common.collect.AbstractIterator.tryToComputeNext(AbstractIterator.java:143)
	at com.google.common.collect.AbstractIterator.hasNext(AbstractIterator.java:138)
	at com.google.common.collect.Iterators.addAll(Iterators.java:361)
	at com.google.common.collect.Lists.newArrayList(Lists.java:160)
	at com.google.common.collect.Iterables.toCollection(Iterables.java:337)
	at com.google.common.collect.Iterables.toArray(Iterables.java:315)
	at org.openqa.selenium.remote.ErrorHandler.rebuildServerError(ErrorHandler.java:270)
	at org.openqa.selenium.remote.ErrorHandler.throwIfResponseFailed(ErrorHandler.java:118)
	at org.openqa.selenium.remote.RemoteWebDriver.execute(RemoteWebDriver.java:605)
	at org.openqa.selenium.remote.RemoteWebDriver.findElement(RemoteWebDriver.java:358)
	at org.openqa.selenium.remote.RemoteWebDriver.findElementByXPath(RemoteWebDriver.java:455)
	at org.openqa.selenium.By$ByXPath.findElement(By.java:358)
	at org.openqa.selenium.remote.RemoteWebDriver.findElement(RemoteWebDriver.java:350)
	at org.openqa.selenium.support.pagefactory.DefaultElementLocator.findElement(DefaultElementLocator.java:69)
	at org.openqa.selenium.support.pagefactory.internal.LocatingElementHandler.invoke(LocatingElementHandler.java:38)
	at com.sun.proxy.$Proxy7.click(Unknown Source)
	at com.hotelogix.smoke.genericandbase.GenericMethods.clickElement(GenericMethods.java:450)
	at com.hotelogix.smoke.frontdesk.FrontdeskHome.FrontdeskLandingPage.fn_clickCurrentLnk(FrontdeskLandingPage.java:486)
	at com.hotelogix.smoke.FrontdeskTest.Ftest.TC_79(Ftest.java:1187)
... Removed 24 stack frames]]>
    </failure>
  </testcase> <!-- TC_79 -->
  <testcase name="TC_80_81_82_83" time="321.545" classname="com.hotelogix.smoke.FrontdeskTest.Ftest"/>
  <testcase name="TC_84_85_86_87" time="280.137" classname="com.hotelogix.smoke.FrontdeskTest.Ftest">
    <failure type="java.lang.AssertionError" message="expected [Sample French Onion Soup] but found [POS Charge]">
      <![CDATA[java.lang.AssertionError: expected [Sample French Onion Soup] but found [POS Charge]
	at com.hotelogix.smoke.FrontdeskTest.Ftest.TC_84_85_86_87(Ftest.java:1340)
... Removed 29 stack frames]]>
    </failure>
  </testcase> <!-- TC_84_85_86_87 -->
  <testcase name="TC_88_89_90" time="247.236" classname="com.hotelogix.smoke.FrontdeskTest.Ftest">
    <failure type="org.openqa.selenium.StaleElementReferenceException" message="Element not found in the cache - perhaps the page has changed since it was looked up
Command duration or timeout: 70.06 seconds
For documentation on this error, please visit: http://seleniumhq.org/exceptions/stale_element_reference.html
Build info: version: &amp;apos;2.46.0&amp;apos;, revision: &amp;apos;61506a4624b13675f24581e453592342b7485d71&amp;apos;, time: &amp;apos;2015-06-04 10:22:50&amp;apos;
System info: host: &amp;apos;hmspc101&amp;apos;, ip: &amp;apos;192.168.2.114&amp;apos;, os.name: &amp;apos;Windows 10&amp;apos;, os.arch: &amp;apos;amd64&amp;apos;, os.version: &amp;apos;10.0&amp;apos;, java.version: &amp;apos;1.8.0_65&amp;apos;
Driver info: org.openqa.selenium.firefox.FirefoxDriver
Capabilities [{applicationCacheEnabled=true, rotatable=false, handlesAlerts=true, databaseEnabled=true, version=40.0, platform=WINDOWS, nativeEvents=false, acceptSslCerts=true, webStorageEnabled=true, locationContextEnabled=true, browserName=firefox, takesScreenshot=true, javascriptEnabled=true, cssSelectorsEnabled=true}]
Session ID: 4bf8d961-335e-4e53-9675-c3b59e626fc6">
      <![CDATA[org.openqa.selenium.StaleElementReferenceException: Element not found in the cache - perhaps the page has changed since it was looked up
Command duration or timeout: 70.06 seconds
For documentation on this error, please visit: http://seleniumhq.org/exceptions/stale_element_reference.html
Build info: version: '2.46.0', revision: '61506a4624b13675f24581e453592342b7485d71', time: '2015-06-04 10:22:50'
System info: host: 'hmspc101', ip: '192.168.2.114', os.name: 'Windows 10', os.arch: 'amd64', os.version: '10.0', java.version: '1.8.0_65'
Driver info: org.openqa.selenium.firefox.FirefoxDriver
Capabilities [{applicationCacheEnabled=true, rotatable=false, handlesAlerts=true, databaseEnabled=true, version=40.0, platform=WINDOWS, nativeEvents=false, acceptSslCerts=true, webStorageEnabled=true, locationContextEnabled=true, browserName=firefox, takesScreenshot=true, javascriptEnabled=true, cssSelectorsEnabled=true}]
Session ID: 4bf8d961-335e-4e53-9675-c3b59e626fc6
	at org.openqa.selenium.remote.ErrorHandler.createThrowable(ErrorHandler.java:204)
	at org.openqa.selenium.remote.ErrorHandler.throwIfResponseFailed(ErrorHandler.java:156)
	at org.openqa.selenium.remote.RemoteWebDriver.execute(RemoteWebDriver.java:605)
	at org.openqa.selenium.remote.RemoteWebElement.execute(RemoteWebElement.java:269)
	at org.openqa.selenium.remote.RemoteWebElement.click(RemoteWebElement.java:80)
	at org.openqa.selenium.support.pagefactory.internal.LocatingElementHandler.invoke(LocatingElementHandler.java:51)
	at com.sun.proxy.$Proxy7.click(Unknown Source)
	at com.hotelogix.smoke.genericandbase.GenericMethods.clickElement(GenericMethods.java:450)
	at com.hotelogix.smoke.frontdesk.FrontdeskHome.FrontdeskLandingPage.fn_ClickCancelButton(FrontdeskLandingPage.java:623)
	at com.hotelogix.smoke.FrontdeskTest.Ftest.TC_88_89_90(Ftest.java:1376)
Caused by: org.openqa.selenium.StaleElementReferenceException: Element not found in the cache - perhaps the page has changed since it was looked up
For documentation on this error, please visit: http://seleniumhq.org/exceptions/stale_element_reference.html
Build info: version: '2.46.0', revision: '61506a4624b13675f24581e453592342b7485d71', time: '2015-06-04 10:22:50'
System info: host: 'hmspc101', ip: '192.168.2.114', os.name: 'Windows 10', os.arch: 'amd64', os.version: '10.0', java.version: '1.8.0_65'
Driver info: driver.version: unknown
	at <anonymous class>.fxdriver.cache.getElementAt(resource://fxdriver/modules/web-element-cache.js:8981)
	at <anonymous class>.Utils.getElementAt(file:///C:/Users/deepak/AppData/Local/Temp/anonymous1351764752023086929webdriver-profile/extensions/fxdriver@googlecode.com/components/command-processor.js:8574)
	at <anonymous class>.fxdriver.preconditions.visible(file:///C:/Users/deepak/AppData/Local/Temp/anonymous1351764752023086929webdriver-profile/extensions/fxdriver@googlecode.com/components/command-processor.js:9613)
	at <anonymous class>.DelayedCommand.prototype.checkPreconditions_(file:///C:/Users/deepak/AppData/Local/Temp/anonymous1351764752023086929webdriver-profile/extensions/fxdriver@googlecode.com/components/command-processor.js:12265)
	at <anonymous class>.DelayedCommand.prototype.executeInternal_/h(file:///C:/Users/deepak/AppData/Local/Temp/anonymous1351764752023086929webdriver-profile/extensions/fxdriver@googlecode.com/components/command-processor.js:12282)
	at <anonymous class>.fxdriver.Timer.prototype.setTimeout/<.notify(file:///C:/Users/deepak/AppData/Local/Temp/anonymous1351764752023086929webdriver-profile/extensions/fxdriver@googlecode.com/components/command-processor.js:603)
... Removed 31 stack frames]]>
    </failure>
  </testcase> <!-- TC_88_89_90 -->
  <testcase name="TC_92_93_94_95_96_97" time="0.0" classname="com.hotelogix.smoke.FrontdeskTest.Ftest">
    <skipped/>
  </testcase> <!-- TC_92_93_94_95_96_97 -->
  <testcase name="TC_98_99" time="0.0" classname="com.hotelogix.smoke.FrontdeskTest.Ftest">
    <skipped/>
  </testcase> <!-- TC_98_99 -->
  <testcase name="TC_100_101_102_103_104" time="0.001" classname="com.hotelogix.smoke.FrontdeskTest.Ftest">
    <skipped/>
  </testcase> <!-- TC_100_101_102_103_104 -->
  <testcase name="TC_105_106_107" time="0.001" classname="com.hotelogix.smoke.FrontdeskTest.Ftest">
    <skipped/>
  </testcase> <!-- TC_105_106_107 -->
  <testcase name="TC_108" time="0.001" classname="com.hotelogix.smoke.FrontdeskTest.Ftest">
    <skipped/>
  </testcase> <!-- TC_108 -->
  <testcase name="TC_109" time="0.001" classname="com.hotelogix.smoke.FrontdeskTest.Ftest">
    <skipped/>
  </testcase> <!-- TC_109 -->
  <testcase name="TC_110_111_112_113_158_159_160_202_203_204_205" time="0.0" classname="com.hotelogix.smoke.FrontdeskTest.Ftest">
    <skipped/>
  </testcase> <!-- TC_110_111_112_113_158_159_160_202_203_204_205 -->
  <testcase name="TC_114_115_116" time="0.001" classname="com.hotelogix.smoke.FrontdeskTest.Ftest">
    <skipped/>
  </testcase> <!-- TC_114_115_116 -->
</testsuite> <!-- Test -->
