<?xml version="1.0" encoding="UTF-8"?>
<!-- Generated by org.testng.reporters.JUnitXMLReporter -->
<testsuite hostname="hmspc101" ignored="32" name="Default test(failed)(failed)" tests="16" failures="9" timestamp="28 Feb 2017 22:21:34 GMT" time="4389.734" errors="0">
  <testcase name="TC_48_49_51" time="117.795" classname="com.hotelogix.smoke.FrontdeskTest.Ftest">
    <failure type="java.lang.AssertionError" message="expected [Add Quick Reservation] but found []">
      <![CDATA[java.lang.AssertionError: expected [Add Quick Reservation] but found []
	at com.hotelogix.smoke.FrontdeskTest.Ftest.TC_48_49_51(Ftest.java:759)
... Removed 31 stack frames]]>
    </failure>
  </testcase> <!-- TC_48_49_51 -->
  <testcase name="TC_61_62_63" time="335.309" classname="com.hotelogix.smoke.FrontdeskTest.Ftest">
    <failure type="java.lang.AssertionError" message="expected [200.00] but found [1.00]">
      <![CDATA[java.lang.AssertionError: expected [200.00] but found [1.00]
	at com.hotelogix.smoke.frontdesk.ViewDetailsPage.EnableEditingPage.giveDiscount(EnableEditingPage.java:693)
	at com.hotelogix.smoke.FrontdeskTest.Ftest.TC_61_62_63(Ftest.java:1021)
... Removed 31 stack frames]]>
    </failure>
  </testcase> <!-- TC_61_62_63 -->
  <testcase name="TC_84_85_86_87" time="315.29" classname="com.hotelogix.smoke.FrontdeskTest.Ftest">
    <failure type="org.openqa.selenium.NoSuchElementException" message="Unable to locate element: {&amp;quot;method&amp;quot;:&amp;quot;xpath&amp;quot;,&amp;quot;selector&amp;quot;:&amp;quot;//a[text()=&amp;apos;Check In&amp;apos;]&amp;quot;}
Command duration or timeout: 70.03 seconds
For documentation on this error, please visit: http://seleniumhq.org/exceptions/no_such_element.html
Build info: version: &amp;apos;2.46.0&amp;apos;, revision: &amp;apos;61506a4624b13675f24581e453592342b7485d71&amp;apos;, time: &amp;apos;2015-06-04 10:22:50&amp;apos;
System info: host: &amp;apos;hmspc101&amp;apos;, ip: &amp;apos;192.168.2.114&amp;apos;, os.name: &amp;apos;Windows 10&amp;apos;, os.arch: &amp;apos;amd64&amp;apos;, os.version: &amp;apos;10.0&amp;apos;, java.version: &amp;apos;1.8.0_65&amp;apos;
Driver info: org.openqa.selenium.firefox.FirefoxDriver
Capabilities [{applicationCacheEnabled=true, rotatable=false, handlesAlerts=true, databaseEnabled=true, version=40.0, platform=WINDOWS, nativeEvents=false, acceptSslCerts=true, webStorageEnabled=true, locationContextEnabled=true, browserName=firefox, takesScreenshot=true, javascriptEnabled=true, cssSelectorsEnabled=true}]
Session ID: d8166aa6-cf88-4830-982f-afe3d74917d6
*** Element info: {Using=xpath, value=//a[text()=&amp;apos;Check In&amp;apos;]}">
      <![CDATA[org.openqa.selenium.NoSuchElementException: Unable to locate element: {"method":"xpath","selector":"//a[text()='Check In']"}
Command duration or timeout: 70.03 seconds
For documentation on this error, please visit: http://seleniumhq.org/exceptions/no_such_element.html
Build info: version: '2.46.0', revision: '61506a4624b13675f24581e453592342b7485d71', time: '2015-06-04 10:22:50'
System info: host: 'hmspc101', ip: '192.168.2.114', os.name: 'Windows 10', os.arch: 'amd64', os.version: '10.0', java.version: '1.8.0_65'
Driver info: org.openqa.selenium.firefox.FirefoxDriver
Capabilities [{applicationCacheEnabled=true, rotatable=false, handlesAlerts=true, databaseEnabled=true, version=40.0, platform=WINDOWS, nativeEvents=false, acceptSslCerts=true, webStorageEnabled=true, locationContextEnabled=true, browserName=firefox, takesScreenshot=true, javascriptEnabled=true, cssSelectorsEnabled=true}]
Session ID: d8166aa6-cf88-4830-982f-afe3d74917d6
*** Element info: {Using=xpath, value=//a[text()='Check In']}
	at org.openqa.selenium.remote.ErrorHandler.createThrowable(ErrorHandler.java:204)
	at org.openqa.selenium.remote.ErrorHandler.throwIfResponseFailed(ErrorHandler.java:156)
	at org.openqa.selenium.remote.RemoteWebDriver.execute(RemoteWebDriver.java:605)
	at org.openqa.selenium.remote.RemoteWebDriver.findElement(RemoteWebDriver.java:358)
	at org.openqa.selenium.remote.RemoteWebDriver.findElementByXPath(RemoteWebDriver.java:455)
	at org.openqa.selenium.By$ByXPath.findElement(By.java:358)
	at org.openqa.selenium.remote.RemoteWebDriver.findElement(RemoteWebDriver.java:350)
	at org.openqa.selenium.support.pagefactory.DefaultElementLocator.findElement(DefaultElementLocator.java:69)
	at org.openqa.selenium.support.pagefactory.internal.LocatingElementHandler.invoke(LocatingElementHandler.java:38)
	at com.sun.proxy.$Proxy7.click(Unknown Source)
	at com.hotelogix.smoke.genericandbase.GenericMethods.clickElement(GenericMethods.java:451)
	at com.hotelogix.smoke.frontdesk.FrontdeskHome.FrontdeskLandingPage.fn_clkCheckin(FrontdeskLandingPage.java:782)
	at com.hotelogix.smoke.FrontdeskTest.Ftest.TC_84_85_86_87(Ftest.java:1322)
Caused by: org.openqa.selenium.NoSuchElementException: Unable to locate element: {"method":"xpath","selector":"//a[text()='Check In']"}
For documentation on this error, please visit: http://seleniumhq.org/exceptions/no_such_element.html
Build info: version: '2.46.0', revision: '61506a4624b13675f24581e453592342b7485d71', time: '2015-06-04 10:22:50'
System info: host: 'hmspc101', ip: '192.168.2.114', os.name: 'Windows 10', os.arch: 'amd64', os.version: '10.0', java.version: '1.8.0_65'
Driver info: driver.version: unknown
	at <anonymous class>.FirefoxDriver.prototype.findElementInternal_(file:///C:/Users/deepak/AppData/Local/Temp/anonymous3738514380923675988webdriver-profile/extensions/fxdriver@googlecode.com/components/driver-component.js:10299)
	at <anonymous class>.fxdriver.Timer.prototype.setTimeout/<.notify(file:///C:/Users/deepak/AppData/Local/Temp/anonymous3738514380923675988webdriver-profile/extensions/fxdriver@googlecode.com/components/driver-component.js:603)
... Removed 29 stack frames]]>
    </failure>
  </testcase> <!-- TC_84_85_86_87 -->
  <testcase name="TC_88_89_90" time="239.183" classname="com.hotelogix.smoke.FrontdeskTest.Ftest">
    <failure type="org.openqa.selenium.NoSuchElementException" message="Unable to locate element: {&amp;quot;method&amp;quot;:&amp;quot;xpath&amp;quot;,&amp;quot;selector&amp;quot;:&amp;quot;//a[text()=&amp;apos;Check In&amp;apos;]&amp;quot;}
Command duration or timeout: 70.11 seconds
For documentation on this error, please visit: http://seleniumhq.org/exceptions/no_such_element.html
Build info: version: &amp;apos;2.46.0&amp;apos;, revision: &amp;apos;61506a4624b13675f24581e453592342b7485d71&amp;apos;, time: &amp;apos;2015-06-04 10:22:50&amp;apos;
System info: host: &amp;apos;hmspc101&amp;apos;, ip: &amp;apos;192.168.2.114&amp;apos;, os.name: &amp;apos;Windows 10&amp;apos;, os.arch: &amp;apos;amd64&amp;apos;, os.version: &amp;apos;10.0&amp;apos;, java.version: &amp;apos;1.8.0_65&amp;apos;
Driver info: org.openqa.selenium.firefox.FirefoxDriver
Capabilities [{applicationCacheEnabled=true, rotatable=false, handlesAlerts=true, databaseEnabled=true, version=40.0, platform=WINDOWS, nativeEvents=false, acceptSslCerts=true, webStorageEnabled=true, locationContextEnabled=true, browserName=firefox, takesScreenshot=true, javascriptEnabled=true, cssSelectorsEnabled=true}]
Session ID: 0002b884-dc28-4dfa-8ece-f3d0c98274da
*** Element info: {Using=xpath, value=//a[text()=&amp;apos;Check In&amp;apos;]}">
      <![CDATA[org.openqa.selenium.NoSuchElementException: Unable to locate element: {"method":"xpath","selector":"//a[text()='Check In']"}
Command duration or timeout: 70.11 seconds
For documentation on this error, please visit: http://seleniumhq.org/exceptions/no_such_element.html
Build info: version: '2.46.0', revision: '61506a4624b13675f24581e453592342b7485d71', time: '2015-06-04 10:22:50'
System info: host: 'hmspc101', ip: '192.168.2.114', os.name: 'Windows 10', os.arch: 'amd64', os.version: '10.0', java.version: '1.8.0_65'
Driver info: org.openqa.selenium.firefox.FirefoxDriver
Capabilities [{applicationCacheEnabled=true, rotatable=false, handlesAlerts=true, databaseEnabled=true, version=40.0, platform=WINDOWS, nativeEvents=false, acceptSslCerts=true, webStorageEnabled=true, locationContextEnabled=true, browserName=firefox, takesScreenshot=true, javascriptEnabled=true, cssSelectorsEnabled=true}]
Session ID: 0002b884-dc28-4dfa-8ece-f3d0c98274da
*** Element info: {Using=xpath, value=//a[text()='Check In']}
	at org.openqa.selenium.remote.ErrorHandler.createThrowable(ErrorHandler.java:204)
	at org.openqa.selenium.remote.ErrorHandler.throwIfResponseFailed(ErrorHandler.java:156)
	at org.openqa.selenium.remote.RemoteWebDriver.execute(RemoteWebDriver.java:605)
	at org.openqa.selenium.remote.RemoteWebDriver.findElement(RemoteWebDriver.java:358)
	at org.openqa.selenium.remote.RemoteWebDriver.findElementByXPath(RemoteWebDriver.java:455)
	at org.openqa.selenium.By$ByXPath.findElement(By.java:358)
	at org.openqa.selenium.remote.RemoteWebDriver.findElement(RemoteWebDriver.java:350)
	at org.openqa.selenium.support.pagefactory.DefaultElementLocator.findElement(DefaultElementLocator.java:69)
	at org.openqa.selenium.support.pagefactory.internal.LocatingElementHandler.invoke(LocatingElementHandler.java:38)
	at com.sun.proxy.$Proxy7.click(Unknown Source)
	at com.hotelogix.smoke.genericandbase.GenericMethods.clickElement(GenericMethods.java:451)
	at com.hotelogix.smoke.frontdesk.FrontdeskHome.FrontdeskLandingPage.fn_clkCheckin(FrontdeskLandingPage.java:782)
	at com.hotelogix.smoke.FrontdeskTest.Ftest.TC_88_89_90(Ftest.java:1390)
Caused by: org.openqa.selenium.NoSuchElementException: Unable to locate element: {"method":"xpath","selector":"//a[text()='Check In']"}
For documentation on this error, please visit: http://seleniumhq.org/exceptions/no_such_element.html
Build info: version: '2.46.0', revision: '61506a4624b13675f24581e453592342b7485d71', time: '2015-06-04 10:22:50'
System info: host: 'hmspc101', ip: '192.168.2.114', os.name: 'Windows 10', os.arch: 'amd64', os.version: '10.0', java.version: '1.8.0_65'
Driver info: driver.version: unknown
	at <anonymous class>.FirefoxDriver.prototype.findElementInternal_(file:///C:/Users/deepak/AppData/Local/Temp/anonymous1319447727833966027webdriver-profile/extensions/fxdriver@googlecode.com/components/driver-component.js:10299)
	at <anonymous class>.fxdriver.Timer.prototype.setTimeout/<.notify(file:///C:/Users/deepak/AppData/Local/Temp/anonymous1319447727833966027webdriver-profile/extensions/fxdriver@googlecode.com/components/driver-component.js:603)
... Removed 29 stack frames]]>
    </failure>
  </testcase> <!-- TC_88_89_90 -->
  <testcase name="TC_92_93_94_95_96_97" time="237.232" classname="com.hotelogix.smoke.FrontdeskTest.Ftest">
    <failure type="org.openqa.selenium.NoSuchElementException" message="Unable to locate element: {&amp;quot;method&amp;quot;:&amp;quot;xpath&amp;quot;,&amp;quot;selector&amp;quot;:&amp;quot;//a[text()=&amp;apos;Check In&amp;apos;]&amp;quot;}
Command duration or timeout: 70.07 seconds
For documentation on this error, please visit: http://seleniumhq.org/exceptions/no_such_element.html
Build info: version: &amp;apos;2.46.0&amp;apos;, revision: &amp;apos;61506a4624b13675f24581e453592342b7485d71&amp;apos;, time: &amp;apos;2015-06-04 10:22:50&amp;apos;
System info: host: &amp;apos;hmspc101&amp;apos;, ip: &amp;apos;192.168.2.114&amp;apos;, os.name: &amp;apos;Windows 10&amp;apos;, os.arch: &amp;apos;amd64&amp;apos;, os.version: &amp;apos;10.0&amp;apos;, java.version: &amp;apos;1.8.0_65&amp;apos;
Driver info: org.openqa.selenium.firefox.FirefoxDriver
Capabilities [{applicationCacheEnabled=true, rotatable=false, handlesAlerts=true, databaseEnabled=true, version=40.0, platform=WINDOWS, nativeEvents=false, acceptSslCerts=true, webStorageEnabled=true, locationContextEnabled=true, browserName=firefox, takesScreenshot=true, javascriptEnabled=true, cssSelectorsEnabled=true}]
Session ID: 4a440566-ac42-468a-8dca-c791946779b7
*** Element info: {Using=xpath, value=//a[text()=&amp;apos;Check In&amp;apos;]}">
      <![CDATA[org.openqa.selenium.NoSuchElementException: Unable to locate element: {"method":"xpath","selector":"//a[text()='Check In']"}
Command duration or timeout: 70.07 seconds
For documentation on this error, please visit: http://seleniumhq.org/exceptions/no_such_element.html
Build info: version: '2.46.0', revision: '61506a4624b13675f24581e453592342b7485d71', time: '2015-06-04 10:22:50'
System info: host: 'hmspc101', ip: '192.168.2.114', os.name: 'Windows 10', os.arch: 'amd64', os.version: '10.0', java.version: '1.8.0_65'
Driver info: org.openqa.selenium.firefox.FirefoxDriver
Capabilities [{applicationCacheEnabled=true, rotatable=false, handlesAlerts=true, databaseEnabled=true, version=40.0, platform=WINDOWS, nativeEvents=false, acceptSslCerts=true, webStorageEnabled=true, locationContextEnabled=true, browserName=firefox, takesScreenshot=true, javascriptEnabled=true, cssSelectorsEnabled=true}]
Session ID: 4a440566-ac42-468a-8dca-c791946779b7
*** Element info: {Using=xpath, value=//a[text()='Check In']}
	at org.openqa.selenium.remote.ErrorHandler.createThrowable(ErrorHandler.java:204)
	at org.openqa.selenium.remote.ErrorHandler.throwIfResponseFailed(ErrorHandler.java:156)
	at org.openqa.selenium.remote.RemoteWebDriver.execute(RemoteWebDriver.java:605)
	at org.openqa.selenium.remote.RemoteWebDriver.findElement(RemoteWebDriver.java:358)
	at org.openqa.selenium.remote.RemoteWebDriver.findElementByXPath(RemoteWebDriver.java:455)
	at org.openqa.selenium.By$ByXPath.findElement(By.java:358)
	at org.openqa.selenium.remote.RemoteWebDriver.findElement(RemoteWebDriver.java:350)
	at org.openqa.selenium.support.pagefactory.DefaultElementLocator.findElement(DefaultElementLocator.java:69)
	at org.openqa.selenium.support.pagefactory.internal.LocatingElementHandler.invoke(LocatingElementHandler.java:38)
	at com.sun.proxy.$Proxy7.click(Unknown Source)
	at com.hotelogix.smoke.genericandbase.GenericMethods.clickElement(GenericMethods.java:451)
	at com.hotelogix.smoke.frontdesk.FrontdeskHome.FrontdeskLandingPage.fn_clkCheckin(FrontdeskLandingPage.java:782)
	at com.hotelogix.smoke.FrontdeskTest.Ftest.TC_92_93_94_95_96_97(Ftest.java:1452)
Caused by: org.openqa.selenium.NoSuchElementException: Unable to locate element: {"method":"xpath","selector":"//a[text()='Check In']"}
For documentation on this error, please visit: http://seleniumhq.org/exceptions/no_such_element.html
Build info: version: '2.46.0', revision: '61506a4624b13675f24581e453592342b7485d71', time: '2015-06-04 10:22:50'
System info: host: 'hmspc101', ip: '192.168.2.114', os.name: 'Windows 10', os.arch: 'amd64', os.version: '10.0', java.version: '1.8.0_65'
Driver info: driver.version: unknown
	at <anonymous class>.FirefoxDriver.prototype.findElementInternal_(file:///C:/Users/deepak/AppData/Local/Temp/anonymous2974915144240025180webdriver-profile/extensions/fxdriver@googlecode.com/components/driver-component.js:10299)
	at <anonymous class>.fxdriver.Timer.prototype.setTimeout/<.notify(file:///C:/Users/deepak/AppData/Local/Temp/anonymous2974915144240025180webdriver-profile/extensions/fxdriver@googlecode.com/components/driver-component.js:603)
... Removed 29 stack frames]]>
    </failure>
  </testcase> <!-- TC_92_93_94_95_96_97 -->
  <testcase name="TC_98_99" time="250.093" classname="com.hotelogix.smoke.FrontdeskTest.Ftest">
    <failure type="org.openqa.selenium.NoSuchElementException" message="Unable to locate element: {&amp;quot;method&amp;quot;:&amp;quot;xpath&amp;quot;,&amp;quot;selector&amp;quot;:&amp;quot;//a[text()=&amp;apos;Check In&amp;apos;]&amp;quot;}
Command duration or timeout: 70.12 seconds
For documentation on this error, please visit: http://seleniumhq.org/exceptions/no_such_element.html
Build info: version: &amp;apos;2.46.0&amp;apos;, revision: &amp;apos;61506a4624b13675f24581e453592342b7485d71&amp;apos;, time: &amp;apos;2015-06-04 10:22:50&amp;apos;
System info: host: &amp;apos;hmspc101&amp;apos;, ip: &amp;apos;192.168.2.114&amp;apos;, os.name: &amp;apos;Windows 10&amp;apos;, os.arch: &amp;apos;amd64&amp;apos;, os.version: &amp;apos;10.0&amp;apos;, java.version: &amp;apos;1.8.0_65&amp;apos;
Driver info: org.openqa.selenium.firefox.FirefoxDriver
Capabilities [{applicationCacheEnabled=true, rotatable=false, handlesAlerts=true, databaseEnabled=true, version=40.0, platform=WINDOWS, nativeEvents=false, acceptSslCerts=true, webStorageEnabled=true, locationContextEnabled=true, browserName=firefox, takesScreenshot=true, javascriptEnabled=true, cssSelectorsEnabled=true}]
Session ID: 7379360a-37b4-4553-b6ff-24ef0d54bc4a
*** Element info: {Using=xpath, value=//a[text()=&amp;apos;Check In&amp;apos;]}">
      <![CDATA[org.openqa.selenium.NoSuchElementException: Unable to locate element: {"method":"xpath","selector":"//a[text()='Check In']"}
Command duration or timeout: 70.12 seconds
For documentation on this error, please visit: http://seleniumhq.org/exceptions/no_such_element.html
Build info: version: '2.46.0', revision: '61506a4624b13675f24581e453592342b7485d71', time: '2015-06-04 10:22:50'
System info: host: 'hmspc101', ip: '192.168.2.114', os.name: 'Windows 10', os.arch: 'amd64', os.version: '10.0', java.version: '1.8.0_65'
Driver info: org.openqa.selenium.firefox.FirefoxDriver
Capabilities [{applicationCacheEnabled=true, rotatable=false, handlesAlerts=true, databaseEnabled=true, version=40.0, platform=WINDOWS, nativeEvents=false, acceptSslCerts=true, webStorageEnabled=true, locationContextEnabled=true, browserName=firefox, takesScreenshot=true, javascriptEnabled=true, cssSelectorsEnabled=true}]
Session ID: 7379360a-37b4-4553-b6ff-24ef0d54bc4a
*** Element info: {Using=xpath, value=//a[text()='Check In']}
	at org.openqa.selenium.remote.ErrorHandler.createThrowable(ErrorHandler.java:204)
	at org.openqa.selenium.remote.ErrorHandler.throwIfResponseFailed(ErrorHandler.java:156)
	at org.openqa.selenium.remote.RemoteWebDriver.execute(RemoteWebDriver.java:605)
	at org.openqa.selenium.remote.RemoteWebDriver.findElement(RemoteWebDriver.java:358)
	at org.openqa.selenium.remote.RemoteWebDriver.findElementByXPath(RemoteWebDriver.java:455)
	at org.openqa.selenium.By$ByXPath.findElement(By.java:358)
	at org.openqa.selenium.remote.RemoteWebDriver.findElement(RemoteWebDriver.java:350)
	at org.openqa.selenium.support.pagefactory.DefaultElementLocator.findElement(DefaultElementLocator.java:69)
	at org.openqa.selenium.support.pagefactory.internal.LocatingElementHandler.invoke(LocatingElementHandler.java:38)
	at com.sun.proxy.$Proxy7.click(Unknown Source)
	at com.hotelogix.smoke.genericandbase.GenericMethods.clickElement(GenericMethods.java:451)
	at com.hotelogix.smoke.frontdesk.FrontdeskHome.FrontdeskLandingPage.fn_clkCheckin(FrontdeskLandingPage.java:782)
	at com.hotelogix.smoke.FrontdeskTest.Ftest.TC_98_99(Ftest.java:1555)
Caused by: org.openqa.selenium.NoSuchElementException: Unable to locate element: {"method":"xpath","selector":"//a[text()='Check In']"}
For documentation on this error, please visit: http://seleniumhq.org/exceptions/no_such_element.html
Build info: version: '2.46.0', revision: '61506a4624b13675f24581e453592342b7485d71', time: '2015-06-04 10:22:50'
System info: host: 'hmspc101', ip: '192.168.2.114', os.name: 'Windows 10', os.arch: 'amd64', os.version: '10.0', java.version: '1.8.0_65'
Driver info: driver.version: unknown
	at <anonymous class>.FirefoxDriver.prototype.findElementInternal_(file:///C:/Users/deepak/AppData/Local/Temp/anonymous6464451284796981092webdriver-profile/extensions/fxdriver@googlecode.com/components/driver-component.js:10299)
	at <anonymous class>.fxdriver.Timer.prototype.setTimeout/<.notify(file:///C:/Users/deepak/AppData/Local/Temp/anonymous6464451284796981092webdriver-profile/extensions/fxdriver@googlecode.com/components/driver-component.js:603)
... Removed 29 stack frames]]>
    </failure>
  </testcase> <!-- TC_98_99 -->
  <testcase name="TC_100_101_102_103_104" time="188.198" classname="com.hotelogix.smoke.FrontdeskTest.Ftest">
    <failure type="org.openqa.selenium.NoSuchElementException" message="Cannot locate element with text: 1
For documentation on this error, please visit: http://seleniumhq.org/exceptions/no_such_element.html
Build info: version: &amp;apos;2.46.0&amp;apos;, revision: &amp;apos;61506a4624b13675f24581e453592342b7485d71&amp;apos;, time: &amp;apos;2015-06-04 10:22:50&amp;apos;
System info: host: &amp;apos;hmspc101&amp;apos;, ip: &amp;apos;192.168.2.114&amp;apos;, os.name: &amp;apos;Windows 10&amp;apos;, os.arch: &amp;apos;amd64&amp;apos;, os.version: &amp;apos;10.0&amp;apos;, java.version: &amp;apos;1.8.0_65&amp;apos;
Driver info: driver.version: unknown">
      <![CDATA[org.openqa.selenium.NoSuchElementException: Cannot locate element with text: 1
For documentation on this error, please visit: http://seleniumhq.org/exceptions/no_such_element.html
Build info: version: '2.46.0', revision: '61506a4624b13675f24581e453592342b7485d71', time: '2015-06-04 10:22:50'
System info: host: 'hmspc101', ip: '192.168.2.114', os.name: 'Windows 10', os.arch: 'amd64', os.version: '10.0', java.version: '1.8.0_65'
Driver info: driver.version: unknown
	at org.openqa.selenium.support.ui.Select.selectByVisibleText(Select.java:150)
	at com.hotelogix.smoke.genericandbase.GenericMethods.selectElement(GenericMethods.java:487)
	at com.hotelogix.smoke.frontdesk.FrontdeskHome.AddQuickReservationForm.FillQuickResForm(AddQuickReservationForm.java:210)
	at com.hotelogix.smoke.FrontdeskTest.Ftest.TC_100_101_102_103_104(Ftest.java:1609)
... Removed 25 stack frames]]>
    </failure>
  </testcase> <!-- TC_100_101_102_103_104 -->
  <testcase name="TC_110_111_112_113_158_159_160_202_203_204_205" time="283.215" classname="com.hotelogix.smoke.FrontdeskTest.Ftest">
    <failure type="org.openqa.selenium.NoSuchElementException" message="Unable to locate element: {&amp;quot;method&amp;quot;:&amp;quot;xpath&amp;quot;,&amp;quot;selector&amp;quot;:&amp;quot;//a[text()=&amp;apos;Check In&amp;apos;]&amp;quot;}
Command duration or timeout: 70.07 seconds
For documentation on this error, please visit: http://seleniumhq.org/exceptions/no_such_element.html
Build info: version: &amp;apos;2.46.0&amp;apos;, revision: &amp;apos;61506a4624b13675f24581e453592342b7485d71&amp;apos;, time: &amp;apos;2015-06-04 10:22:50&amp;apos;
System info: host: &amp;apos;hmspc101&amp;apos;, ip: &amp;apos;192.168.2.114&amp;apos;, os.name: &amp;apos;Windows 10&amp;apos;, os.arch: &amp;apos;amd64&amp;apos;, os.version: &amp;apos;10.0&amp;apos;, java.version: &amp;apos;1.8.0_65&amp;apos;
Driver info: org.openqa.selenium.firefox.FirefoxDriver
Capabilities [{applicationCacheEnabled=true, rotatable=false, handlesAlerts=true, databaseEnabled=true, version=40.0, platform=WINDOWS, nativeEvents=false, acceptSslCerts=true, webStorageEnabled=true, locationContextEnabled=true, browserName=firefox, takesScreenshot=true, javascriptEnabled=true, cssSelectorsEnabled=true}]
Session ID: 1bbe0de2-31f4-4b28-b666-b6c910b287ea
*** Element info: {Using=xpath, value=//a[text()=&amp;apos;Check In&amp;apos;]}">
      <![CDATA[org.openqa.selenium.NoSuchElementException: Unable to locate element: {"method":"xpath","selector":"//a[text()='Check In']"}
Command duration or timeout: 70.07 seconds
For documentation on this error, please visit: http://seleniumhq.org/exceptions/no_such_element.html
Build info: version: '2.46.0', revision: '61506a4624b13675f24581e453592342b7485d71', time: '2015-06-04 10:22:50'
System info: host: 'hmspc101', ip: '192.168.2.114', os.name: 'Windows 10', os.arch: 'amd64', os.version: '10.0', java.version: '1.8.0_65'
Driver info: org.openqa.selenium.firefox.FirefoxDriver
Capabilities [{applicationCacheEnabled=true, rotatable=false, handlesAlerts=true, databaseEnabled=true, version=40.0, platform=WINDOWS, nativeEvents=false, acceptSslCerts=true, webStorageEnabled=true, locationContextEnabled=true, browserName=firefox, takesScreenshot=true, javascriptEnabled=true, cssSelectorsEnabled=true}]
Session ID: 1bbe0de2-31f4-4b28-b666-b6c910b287ea
*** Element info: {Using=xpath, value=//a[text()='Check In']}
	at org.openqa.selenium.remote.ErrorHandler.createThrowable(ErrorHandler.java:204)
	at org.openqa.selenium.remote.ErrorHandler.throwIfResponseFailed(ErrorHandler.java:156)
	at org.openqa.selenium.remote.RemoteWebDriver.execute(RemoteWebDriver.java:605)
	at org.openqa.selenium.remote.RemoteWebDriver.findElement(RemoteWebDriver.java:358)
	at org.openqa.selenium.remote.RemoteWebDriver.findElementByXPath(RemoteWebDriver.java:455)
	at org.openqa.selenium.By$ByXPath.findElement(By.java:358)
	at org.openqa.selenium.remote.RemoteWebDriver.findElement(RemoteWebDriver.java:350)
	at org.openqa.selenium.support.pagefactory.DefaultElementLocator.findElement(DefaultElementLocator.java:69)
	at org.openqa.selenium.support.pagefactory.internal.LocatingElementHandler.invoke(LocatingElementHandler.java:38)
	at com.sun.proxy.$Proxy7.click(Unknown Source)
	at com.hotelogix.smoke.genericandbase.GenericMethods.clickElement(GenericMethods.java:451)
	at com.hotelogix.smoke.frontdesk.FrontdeskHome.FrontdeskLandingPage.fn_clkCheckin(FrontdeskLandingPage.java:782)
	at com.hotelogix.smoke.FrontdeskTest.Ftest.TC_110_111_112_113_158_159_160_202_203_204_205(Ftest.java:1872)
Caused by: org.openqa.selenium.NoSuchElementException: Unable to locate element: {"method":"xpath","selector":"//a[text()='Check In']"}
For documentation on this error, please visit: http://seleniumhq.org/exceptions/no_such_element.html
Build info: version: '2.46.0', revision: '61506a4624b13675f24581e453592342b7485d71', time: '2015-06-04 10:22:50'
System info: host: 'hmspc101', ip: '192.168.2.114', os.name: 'Windows 10', os.arch: 'amd64', os.version: '10.0', java.version: '1.8.0_65'
Driver info: driver.version: unknown
	at <anonymous class>.FirefoxDriver.prototype.findElementInternal_(file:///C:/Users/deepak/AppData/Local/Temp/anonymous6915204032902606624webdriver-profile/extensions/fxdriver@googlecode.com/components/driver-component.js:10299)
	at <anonymous class>.fxdriver.Timer.prototype.setTimeout/<.notify(file:///C:/Users/deepak/AppData/Local/Temp/anonymous6915204032902606624webdriver-profile/extensions/fxdriver@googlecode.com/components/driver-component.js:603)
... Removed 29 stack frames]]>
    </failure>
  </testcase> <!-- TC_110_111_112_113_158_159_160_202_203_204_205 -->
  <testcase name="TC_118_119" time="190.826" classname="com.hotelogix.smoke.FrontdeskTest.Ftest">
    <failure type="org.openqa.selenium.NoSuchElementException" message="Cannot locate element with text: 1
For documentation on this error, please visit: http://seleniumhq.org/exceptions/no_such_element.html
Build info: version: &amp;apos;2.46.0&amp;apos;, revision: &amp;apos;61506a4624b13675f24581e453592342b7485d71&amp;apos;, time: &amp;apos;2015-06-04 10:22:50&amp;apos;
System info: host: &amp;apos;hmspc101&amp;apos;, ip: &amp;apos;192.168.2.114&amp;apos;, os.name: &amp;apos;Windows 10&amp;apos;, os.arch: &amp;apos;amd64&amp;apos;, os.version: &amp;apos;10.0&amp;apos;, java.version: &amp;apos;1.8.0_65&amp;apos;
Driver info: driver.version: unknown">
      <![CDATA[org.openqa.selenium.NoSuchElementException: Cannot locate element with text: 1
For documentation on this error, please visit: http://seleniumhq.org/exceptions/no_such_element.html
Build info: version: '2.46.0', revision: '61506a4624b13675f24581e453592342b7485d71', time: '2015-06-04 10:22:50'
System info: host: 'hmspc101', ip: '192.168.2.114', os.name: 'Windows 10', os.arch: 'amd64', os.version: '10.0', java.version: '1.8.0_65'
Driver info: driver.version: unknown
	at org.openqa.selenium.support.ui.Select.selectByVisibleText(Select.java:150)
	at com.hotelogix.smoke.genericandbase.GenericMethods.selectElement(GenericMethods.java:487)
	at com.hotelogix.smoke.frontdesk.FrontdeskHome.AddQuickReservationForm.FillQuickResvsForm(AddQuickReservationForm.java:274)
	at com.hotelogix.smoke.FrontdeskTest.Ftest.TC_118_119(Ftest.java:2110)
... Removed 25 stack frames]]>
    </failure>
  </testcase> <!-- TC_118_119 -->
  <testcase name="TC_120" time="232.758" classname="com.hotelogix.smoke.FrontdeskTest.Ftest"/>
  <testcase name="TC_124_125_126" time="194.061" classname="com.hotelogix.smoke.FrontdeskTest.Ftest"/>
  <testcase name="TC_136_137_138" time="213.834" classname="com.hotelogix.smoke.FrontdeskTest.Ftest"/>
  <testcase name="TC_145_146_147_148" time="242.071" classname="com.hotelogix.smoke.FrontdeskTest.Ftest"/>
  <testcase name="TC_152" time="192.313" classname="com.hotelogix.smoke.FrontdeskTest.Ftest"/>
  <testcase name="TC_153_154" time="114.786" classname="com.hotelogix.smoke.FrontdeskTest.Ftest"/>
  <testcase name="TC_222" time="274.016" classname="com.hotelogix.smoke.FrontdeskTest.Ftest"/>
  <testcase name="TC_35_36" time="0.0" classname="com.hotelogix.smoke.FrontdeskTest.Ftest">
    <ignored/>
  </testcase> <!-- TC_35_36 -->
  <testcase name="TC_37_38" time="0.0" classname="com.hotelogix.smoke.FrontdeskTest.Ftest">
    <ignored/>
  </testcase> <!-- TC_37_38 -->
  <testcase name="Tc_52_53_54" time="0.0" classname="com.hotelogix.smoke.FrontdeskTest.Ftest">
    <ignored/>
  </testcase> <!-- Tc_52_53_54 -->
  <testcase name="TC_142_143_144" time="0.0" classname="com.hotelogix.smoke.FrontdeskTest.Ftest">
    <ignored/>
  </testcase> <!-- TC_142_143_144 -->
  <testcase name="TC_25" time="0.0" classname="com.hotelogix.smoke.FrontdeskTest.Ftest">
    <ignored/>
  </testcase> <!-- TC_25 -->
  <testcase name="TC_26" time="0.0" classname="com.hotelogix.smoke.FrontdeskTest.Ftest">
    <ignored/>
  </testcase> <!-- TC_26 -->
  <testcase name="TC_139_140_141" time="0.0" classname="com.hotelogix.smoke.FrontdeskTest.Ftest">
    <ignored/>
  </testcase> <!-- TC_139_140_141 -->
  <testcase name="TC_23" time="0.0" classname="com.hotelogix.smoke.FrontdeskTest.Ftest">
    <ignored/>
  </testcase> <!-- TC_23 -->
  <testcase name="TC_24" time="0.0" classname="com.hotelogix.smoke.FrontdeskTest.Ftest">
    <ignored/>
  </testcase> <!-- TC_24 -->
  <testcase name="TC_27" time="0.0" classname="com.hotelogix.smoke.FrontdeskTest.Ftest">
    <ignored/>
  </testcase> <!-- TC_27 -->
  <testcase name="TC_117" time="0.0" classname="com.hotelogix.smoke.FrontdeskTest.Ftest">
    <ignored/>
  </testcase> <!-- TC_117 -->
  <testcase name="TC_127_128" time="0.0" classname="com.hotelogix.smoke.FrontdeskTest.Ftest">
    <ignored/>
  </testcase> <!-- TC_127_128 -->
  <testcase name="TC_40" time="0.0" classname="com.hotelogix.smoke.FrontdeskTest.Ftest">
    <ignored/>
  </testcase> <!-- TC_40 -->
  <testcase name="TC_105_106_107" time="0.0" classname="com.hotelogix.smoke.FrontdeskTest.Ftest">
    <ignored/>
  </testcase> <!-- TC_105_106_107 -->
  <testcase name="TC_31_32_33" time="0.0" classname="com.hotelogix.smoke.FrontdeskTest.Ftest">
    <ignored/>
  </testcase> <!-- TC_31_32_33 -->
  <testcase name="TC_129_130_131_132" time="0.0" classname="com.hotelogix.smoke.FrontdeskTest.Ftest">
    <ignored/>
  </testcase> <!-- TC_129_130_131_132 -->
  <testcase name="TC_41" time="0.0" classname="com.hotelogix.smoke.FrontdeskTest.Ftest">
    <ignored/>
  </testcase> <!-- TC_41 -->
  <testcase name="TC_71_72_73_74_75_76_77_78" time="0.0" classname="com.hotelogix.smoke.FrontdeskTest.Ftest">
    <ignored/>
  </testcase> <!-- TC_71_72_73_74_75_76_77_78 -->
  <testcase name="TC_114_115_116" time="0.0" classname="com.hotelogix.smoke.FrontdeskTest.Ftest">
    <ignored/>
  </testcase> <!-- TC_114_115_116 -->
  <testcase name="TC_80_81_82_83" time="0.0" classname="com.hotelogix.smoke.FrontdeskTest.Ftest">
    <ignored/>
  </testcase> <!-- TC_80_81_82_83 -->
  <testcase name="TC_42_43_44_45_46_47" time="0.0" classname="com.hotelogix.smoke.FrontdeskTest.Ftest">
    <ignored/>
  </testcase> <!-- TC_42_43_44_45_46_47 -->
  <testcase name="TC_121_122" time="0.0" classname="com.hotelogix.smoke.FrontdeskTest.Ftest">
    <ignored/>
  </testcase> <!-- TC_121_122 -->
  <testcase name="TC_37_1_39" time="0.0" classname="com.hotelogix.smoke.FrontdeskTest.Ftest">
    <ignored/>
  </testcase> <!-- TC_37_1_39 -->
  <testcase name="TC_34" time="0.0" classname="com.hotelogix.smoke.FrontdeskTest.Ftest">
    <ignored/>
  </testcase> <!-- TC_34 -->
  <testcase name="TC_79" time="0.0" classname="com.hotelogix.smoke.FrontdeskTest.Ftest">
    <ignored/>
  </testcase> <!-- TC_79 -->
  <testcase name="TC_50" time="0.0" classname="com.hotelogix.smoke.FrontdeskTest.Ftest">
    <ignored/>
  </testcase> <!-- TC_50 -->
  <testcase name="TC_133_134_135" time="0.0" classname="com.hotelogix.smoke.FrontdeskTest.Ftest">
    <ignored/>
  </testcase> <!-- TC_133_134_135 -->
  <testcase name="TC_28_29_30" time="0.0" classname="com.hotelogix.smoke.FrontdeskTest.Ftest">
    <ignored/>
  </testcase> <!-- TC_28_29_30 -->
  <testcase name="TC_123" time="0.0" classname="com.hotelogix.smoke.FrontdeskTest.Ftest">
    <ignored/>
  </testcase> <!-- TC_123 -->
  <testcase name="TC_108" time="0.0" classname="com.hotelogix.smoke.FrontdeskTest.Ftest">
    <ignored/>
  </testcase> <!-- TC_108 -->
  <testcase name="TC_109" time="0.0" classname="com.hotelogix.smoke.FrontdeskTest.Ftest">
    <ignored/>
  </testcase> <!-- TC_109 -->
  <testcase name="TC_55_56_57_58_59_60" time="0.0" classname="com.hotelogix.smoke.FrontdeskTest.Ftest">
    <ignored/>
  </testcase> <!-- TC_55_56_57_58_59_60 -->
</testsuite> <!-- Default test(failed)(failed) -->
