<?xml version="1.0" encoding="UTF-8"?>
<!-- Generated by org.testng.reporters.JUnitXMLReporter -->
<testsuite hostname="hmspc101" name="Test(failed)(failed)(failed)(failed)" tests="11" failures="9" timestamp="18 Jan 2017 14:15:33 GMT" time="2483.105" errors="0">
  <testcase name="TC_35_36" time="206.511" classname="com.hotelogix.smoke.FrontdeskTest.FrontdeskTest">
    <failure type="org.openqa.selenium.NoSuchElementException" message="Cannot locate element with text: 1
For documentation on this error, please visit: http://seleniumhq.org/exceptions/no_such_element.html
Build info: version: &amp;apos;2.46.0&amp;apos;, revision: &amp;apos;61506a4624b13675f24581e453592342b7485d71&amp;apos;, time: &amp;apos;2015-06-04 10:22:50&amp;apos;
System info: host: &amp;apos;hmspc101&amp;apos;, ip: &amp;apos;192.168.2.114&amp;apos;, os.name: &amp;apos;Windows 10&amp;apos;, os.arch: &amp;apos;amd64&amp;apos;, os.version: &amp;apos;10.0&amp;apos;, java.version: &amp;apos;1.8.0_65&amp;apos;
Driver info: driver.version: unknown">
      <![CDATA[org.openqa.selenium.NoSuchElementException: Cannot locate element with text: 1
For documentation on this error, please visit: http://seleniumhq.org/exceptions/no_such_element.html
Build info: version: '2.46.0', revision: '61506a4624b13675f24581e453592342b7485d71', time: '2015-06-04 10:22:50'
System info: host: 'hmspc101', ip: '192.168.2.114', os.name: 'Windows 10', os.arch: 'amd64', os.version: '10.0', java.version: '1.8.0_65'
Driver info: driver.version: unknown
	at org.openqa.selenium.support.ui.Select.selectByVisibleText(Select.java:150)
	at com.hotelogix.smoke.genericandbase.GenericMethods.selectElement(GenericMethods.java:469)
	at com.hotelogix.smoke.frontdesk.FrontdeskHome.AddQuickReservationForm.FillQuickResvForm(AddQuickReservationForm.java:242)
	at com.hotelogix.smoke.FrontdeskTest.FrontdeskTest.TC_35_36(FrontdeskTest.java:4704)
... Removed 24 stack frames]]>
    </failure>
  </testcase> <!-- TC_35_36 -->
  <testcase name="TC_37_38" time="174.414" classname="com.hotelogix.smoke.FrontdeskTest.FrontdeskTest"/>
  <testcase name="TC_37_1_39" time="160.429" classname="com.hotelogix.smoke.FrontdeskTest.FrontdeskTest"/>
  <testcase name="TC_40" time="210.999" classname="com.hotelogix.smoke.FrontdeskTest.FrontdeskTest">
    <failure type="org.openqa.selenium.NoSuchElementException" message="Cannot locate element with text: 1
For documentation on this error, please visit: http://seleniumhq.org/exceptions/no_such_element.html
Build info: version: &amp;apos;2.46.0&amp;apos;, revision: &amp;apos;61506a4624b13675f24581e453592342b7485d71&amp;apos;, time: &amp;apos;2015-06-04 10:22:50&amp;apos;
System info: host: &amp;apos;hmspc101&amp;apos;, ip: &amp;apos;192.168.2.114&amp;apos;, os.name: &amp;apos;Windows 10&amp;apos;, os.arch: &amp;apos;amd64&amp;apos;, os.version: &amp;apos;10.0&amp;apos;, java.version: &amp;apos;1.8.0_65&amp;apos;
Driver info: driver.version: unknown">
      <![CDATA[org.openqa.selenium.NoSuchElementException: Cannot locate element with text: 1
For documentation on this error, please visit: http://seleniumhq.org/exceptions/no_such_element.html
Build info: version: '2.46.0', revision: '61506a4624b13675f24581e453592342b7485d71', time: '2015-06-04 10:22:50'
System info: host: 'hmspc101', ip: '192.168.2.114', os.name: 'Windows 10', os.arch: 'amd64', os.version: '10.0', java.version: '1.8.0_65'
Driver info: driver.version: unknown
	at org.openqa.selenium.support.ui.Select.selectByVisibleText(Select.java:150)
	at com.hotelogix.smoke.genericandbase.GenericMethods.selectElement(GenericMethods.java:469)
	at com.hotelogix.smoke.frontdesk.FrontdeskHome.AddQuickReservationForm.FillQuickResForm(AddQuickReservationForm.java:210)
	at com.hotelogix.smoke.FrontdeskTest.FrontdeskTest.TC_40(FrontdeskTest.java:4838)
... Removed 24 stack frames]]>
    </failure>
  </testcase> <!-- TC_40 -->
  <testcase name="TC_41" time="375.429" classname="com.hotelogix.smoke.FrontdeskTest.FrontdeskTest">
    <failure type="org.openqa.selenium.NoSuchElementException" message="Cannot locate element with text: 1
For documentation on this error, please visit: http://seleniumhq.org/exceptions/no_such_element.html
Build info: version: &amp;apos;2.46.0&amp;apos;, revision: &amp;apos;61506a4624b13675f24581e453592342b7485d71&amp;apos;, time: &amp;apos;2015-06-04 10:22:50&amp;apos;
System info: host: &amp;apos;hmspc101&amp;apos;, ip: &amp;apos;192.168.2.114&amp;apos;, os.name: &amp;apos;Windows 10&amp;apos;, os.arch: &amp;apos;amd64&amp;apos;, os.version: &amp;apos;10.0&amp;apos;, java.version: &amp;apos;1.8.0_65&amp;apos;
Driver info: driver.version: unknown">
      <![CDATA[org.openqa.selenium.NoSuchElementException: Cannot locate element with text: 1
For documentation on this error, please visit: http://seleniumhq.org/exceptions/no_such_element.html
Build info: version: '2.46.0', revision: '61506a4624b13675f24581e453592342b7485d71', time: '2015-06-04 10:22:50'
System info: host: 'hmspc101', ip: '192.168.2.114', os.name: 'Windows 10', os.arch: 'amd64', os.version: '10.0', java.version: '1.8.0_65'
Driver info: driver.version: unknown
	at org.openqa.selenium.support.ui.Select.selectByVisibleText(Select.java:150)
	at com.hotelogix.smoke.genericandbase.GenericMethods.selectElement(GenericMethods.java:469)
	at com.hotelogix.smoke.frontdesk.FrontdeskHome.AddQuickReservationForm.FillQuickResvsFormBySelectingPak(AddQuickReservationForm.java:308)
	at com.hotelogix.smoke.FrontdeskTest.FrontdeskTest.TC_41(FrontdeskTest.java:4889)
... Removed 24 stack frames]]>
    </failure>
  </testcase> <!-- TC_41 -->
  <testcase name="TC_42_43_44_45_46_47" time="205.409" classname="com.hotelogix.smoke.FrontdeskTest.FrontdeskTest">
    <failure type="org.openqa.selenium.NoSuchElementException" message="Cannot locate element with text: 1
For documentation on this error, please visit: http://seleniumhq.org/exceptions/no_such_element.html
Build info: version: &amp;apos;2.46.0&amp;apos;, revision: &amp;apos;61506a4624b13675f24581e453592342b7485d71&amp;apos;, time: &amp;apos;2015-06-04 10:22:50&amp;apos;
System info: host: &amp;apos;hmspc101&amp;apos;, ip: &amp;apos;192.168.2.114&amp;apos;, os.name: &amp;apos;Windows 10&amp;apos;, os.arch: &amp;apos;amd64&amp;apos;, os.version: &amp;apos;10.0&amp;apos;, java.version: &amp;apos;1.8.0_65&amp;apos;
Driver info: driver.version: unknown">
      <![CDATA[org.openqa.selenium.NoSuchElementException: Cannot locate element with text: 1
For documentation on this error, please visit: http://seleniumhq.org/exceptions/no_such_element.html
Build info: version: '2.46.0', revision: '61506a4624b13675f24581e453592342b7485d71', time: '2015-06-04 10:22:50'
System info: host: 'hmspc101', ip: '192.168.2.114', os.name: 'Windows 10', os.arch: 'amd64', os.version: '10.0', java.version: '1.8.0_65'
Driver info: driver.version: unknown
	at org.openqa.selenium.support.ui.Select.selectByVisibleText(Select.java:150)
	at com.hotelogix.smoke.genericandbase.GenericMethods.selectElement(GenericMethods.java:469)
	at com.hotelogix.smoke.frontdesk.FrontdeskHome.AddQuickReservationForm.FillQuickResForm(AddQuickReservationForm.java:210)
	at com.hotelogix.smoke.FrontdeskTest.FrontdeskTest.TC_42_43_44_45_46_47(FrontdeskTest.java:4932)
... Removed 24 stack frames]]>
    </failure>
  </testcase> <!-- TC_42_43_44_45_46_47 -->
  <testcase name="TC_48_49_51" time="145.212" classname="com.hotelogix.smoke.FrontdeskTest.FrontdeskTest">
    <failure type="java.lang.AssertionError" message="expected [Add Quick Reservation] but found []">
      <![CDATA[java.lang.AssertionError: expected [Add Quick Reservation] but found []
	at com.hotelogix.smoke.FrontdeskTest.FrontdeskTest.TC_48_49_51(FrontdeskTest.java:5007)
... Removed 29 stack frames]]>
    </failure>
  </testcase> <!-- TC_48_49_51 -->
  <testcase name="TC_50" time="368.317" classname="com.hotelogix.smoke.FrontdeskTest.FrontdeskTest">
    <failure type="org.openqa.selenium.NoSuchElementException" message="Cannot locate element with text: 1
For documentation on this error, please visit: http://seleniumhq.org/exceptions/no_such_element.html
Build info: version: &amp;apos;2.46.0&amp;apos;, revision: &amp;apos;61506a4624b13675f24581e453592342b7485d71&amp;apos;, time: &amp;apos;2015-06-04 10:22:50&amp;apos;
System info: host: &amp;apos;hmspc101&amp;apos;, ip: &amp;apos;192.168.2.114&amp;apos;, os.name: &amp;apos;Windows 10&amp;apos;, os.arch: &amp;apos;amd64&amp;apos;, os.version: &amp;apos;10.0&amp;apos;, java.version: &amp;apos;1.8.0_65&amp;apos;
Driver info: driver.version: unknown">
      <![CDATA[org.openqa.selenium.NoSuchElementException: Cannot locate element with text: 1
For documentation on this error, please visit: http://seleniumhq.org/exceptions/no_such_element.html
Build info: version: '2.46.0', revision: '61506a4624b13675f24581e453592342b7485d71', time: '2015-06-04 10:22:50'
System info: host: 'hmspc101', ip: '192.168.2.114', os.name: 'Windows 10', os.arch: 'amd64', os.version: '10.0', java.version: '1.8.0_65'
Driver info: driver.version: unknown
	at org.openqa.selenium.support.ui.Select.selectByVisibleText(Select.java:150)
	at com.hotelogix.smoke.genericandbase.GenericMethods.selectElement(GenericMethods.java:469)
	at com.hotelogix.smoke.frontdesk.FrontdeskHome.AddQuickReservationForm.FillQuickResvsFormBySelectingPak(AddQuickReservationForm.java:308)
	at com.hotelogix.smoke.FrontdeskTest.FrontdeskTest.TC_50(FrontdeskTest.java:5071)
... Removed 24 stack frames]]>
    </failure>
  </testcase> <!-- TC_50 -->
  <testcase name="TC_55_56_57_58_59_60" time="207.571" classname="com.hotelogix.smoke.FrontdeskTest.FrontdeskTest">
    <failure type="org.openqa.selenium.NoSuchElementException" message="Cannot locate element with text: 1
For documentation on this error, please visit: http://seleniumhq.org/exceptions/no_such_element.html
Build info: version: &amp;apos;2.46.0&amp;apos;, revision: &amp;apos;61506a4624b13675f24581e453592342b7485d71&amp;apos;, time: &amp;apos;2015-06-04 10:22:50&amp;apos;
System info: host: &amp;apos;hmspc101&amp;apos;, ip: &amp;apos;192.168.2.114&amp;apos;, os.name: &amp;apos;Windows 10&amp;apos;, os.arch: &amp;apos;amd64&amp;apos;, os.version: &amp;apos;10.0&amp;apos;, java.version: &amp;apos;1.8.0_65&amp;apos;
Driver info: driver.version: unknown">
      <![CDATA[org.openqa.selenium.NoSuchElementException: Cannot locate element with text: 1
For documentation on this error, please visit: http://seleniumhq.org/exceptions/no_such_element.html
Build info: version: '2.46.0', revision: '61506a4624b13675f24581e453592342b7485d71', time: '2015-06-04 10:22:50'
System info: host: 'hmspc101', ip: '192.168.2.114', os.name: 'Windows 10', os.arch: 'amd64', os.version: '10.0', java.version: '1.8.0_65'
Driver info: driver.version: unknown
	at org.openqa.selenium.support.ui.Select.selectByVisibleText(Select.java:150)
	at com.hotelogix.smoke.genericandbase.GenericMethods.selectElement(GenericMethods.java:469)
	at com.hotelogix.smoke.frontdesk.FrontdeskHome.AddQuickReservationForm.FillQuickResForm(AddQuickReservationForm.java:210)
	at com.hotelogix.smoke.FrontdeskTest.FrontdeskTest.TC_55_56_57_58_59_60(FrontdeskTest.java:5192)
... Removed 24 stack frames]]>
    </failure>
  </testcase> <!-- TC_55_56_57_58_59_60 -->
  <testcase name="Tc_52_53_54" time="141.545" classname="com.hotelogix.smoke.FrontdeskTest.FrontdeskTest">
    <failure type="java.lang.NullPointerException">
      <![CDATA[java.lang.NullPointerException
	at com.hotelogix.smoke.FrontdeskTest.FrontdeskTest.Tc_52_53_54(FrontdeskTest.java:5115)
... Removed 24 stack frames]]>
    </failure>
  </testcase> <!-- Tc_52_53_54 -->
  <testcase name="TC_61_62_63" time="140.93" classname="com.hotelogix.smoke.FrontdeskTest.FrontdeskTest">
    <failure type="java.lang.NullPointerException">
      <![CDATA[java.lang.NullPointerException
	at com.hotelogix.smoke.FrontdeskTest.FrontdeskTest.TC_61_62_63(FrontdeskTest.java:5273)
... Removed 24 stack frames]]>
    </failure>
  </testcase> <!-- TC_61_62_63 -->
</testsuite> <!-- Test(failed)(failed)(failed)(failed) -->
