<?xml version="1.0" encoding="UTF-8"?>
<!-- Generated by org.testng.reporters.JUnitReportReporter -->
<testsuite name="com.hotelogix.smoke.FrontdeskTest.Ftest" tests="12" time="4886.253" ignored="39" failures="2" timestamp="03 Mar 2017 18:30:40 GMT" skipped="0" hostname="hmspc101" errors="3">
  <testcase name="TC_40" time="337.819" classname="com.hotelogix.smoke.FrontdeskTest.Ftest"/>
  <testcase name="TC_161" time="441.710" classname="com.hotelogix.smoke.FrontdeskTest.Ftest">
    <error type="org.openqa.selenium.NoSuchElementException" message="Unable to locate element: {&quot;method&quot;:&quot;xpath&quot;,&quot;selector&quot;:&quot;//a[text()=&#039;View Details&#039;]&quot;}
Command duration or timeout: 70.12 seconds
For documentation on this error, please visit: http://seleniumhq.org/exceptions/no_such_element.html
Build info: version: &#039;2.46.0&#039;, revision: &#039;61506a4624b13675f24581e453592342b7485d71&#039;, time: &#039;2015-06-04 10:22:50&#039;
System info: host: &#039;hmspc101&#039;, ip: &#039;192.168.2.114&#039;, os.name: &#039;Windows 10&#039;, os.arch: &#039;amd64&#039;, os.version: &#039;10.0&#039;, java.version: &#039;1.8.0_65&#039;
Driver info: org.openqa.selenium.firefox.FirefoxDriver
Capabilities [{applicationCacheEnabled=true, rotatable=false, handlesAlerts=true, databaseEnabled=true, version=40.0, platform=WINDOWS, nativeEvents=false, acceptSslCerts=true, webStorageEnabled=true, locationContextEnabled=true, browserName=firefox, takesScreenshot=true, javascriptEnabled=true, cssSelectorsEnabled=true}]
Session ID: 5262a535-76c7-4735-89fa-6633ef123dff
*** Element info: {Using=xpath, value=//a[text()=&#039;View Details&#039;]}">
      <![CDATA[org.openqa.selenium.NoSuchElementException: Unable to locate element: {"method":"xpath","selector":"//a[text()='View Details']"}
Command duration or timeout: 70.12 seconds
For documentation on this error, please visit: http://seleniumhq.org/exceptions/no_such_element.html
Build info: version: '2.46.0', revision: '61506a4624b13675f24581e453592342b7485d71', time: '2015-06-04 10:22:50'
System info: host: 'hmspc101', ip: '192.168.2.114', os.name: 'Windows 10', os.arch: 'amd64', os.version: '10.0', java.version: '1.8.0_65'
Driver info: org.openqa.selenium.firefox.FirefoxDriver
Capabilities [{applicationCacheEnabled=true, rotatable=false, handlesAlerts=true, databaseEnabled=true, version=40.0, platform=WINDOWS, nativeEvents=false, acceptSslCerts=true, webStorageEnabled=true, locationContextEnabled=true, browserName=firefox, takesScreenshot=true, javascriptEnabled=true, cssSelectorsEnabled=true}]
Session ID: 5262a535-76c7-4735-89fa-6633ef123dff
*** Element info: {Using=xpath, value=//a[text()='View Details']}
	at sun.reflect.NativeConstructorAccessorImpl.newInstance0(Native Method)
	at sun.reflect.NativeConstructorAccessorImpl.newInstance(NativeConstructorAccessorImpl.java:62)
	at sun.reflect.DelegatingConstructorAccessorImpl.newInstance(DelegatingConstructorAccessorImpl.java:45)
	at java.lang.reflect.Constructor.newInstance(Constructor.java:422)
	at org.openqa.selenium.remote.ErrorHandler.createThrowable(ErrorHandler.java:204)
	at org.openqa.selenium.remote.ErrorHandler.throwIfResponseFailed(ErrorHandler.java:156)
	at org.openqa.selenium.remote.RemoteWebDriver.execute(RemoteWebDriver.java:605)
	at org.openqa.selenium.remote.RemoteWebDriver.findElement(RemoteWebDriver.java:358)
	at org.openqa.selenium.remote.RemoteWebDriver.findElementByXPath(RemoteWebDriver.java:455)
	at org.openqa.selenium.By$ByXPath.findElement(By.java:358)
	at org.openqa.selenium.remote.RemoteWebDriver.findElement(RemoteWebDriver.java:350)
	at org.openqa.selenium.support.pagefactory.DefaultElementLocator.findElement(DefaultElementLocator.java:69)
	at org.openqa.selenium.support.pagefactory.internal.LocatingElementHandler.invoke(LocatingElementHandler.java:38)
	at com.sun.proxy.$Proxy7.click(Unknown Source)
	at com.hotelogix.smoke.genericandbase.GenericMethods.clickElement(GenericMethods.java:451)
	at com.hotelogix.smoke.frontdesk.FrontdeskHome.FrontdeskLandingPage.fn_clickOnViewDetailLink(FrontdeskLandingPage.java:451)
	at com.hotelogix.smoke.FrontdeskTest.Ftest.TC_161(Ftest.java:3151)
	at sun.reflect.NativeMethodAccessorImpl.invoke0(Native Method)
	at sun.reflect.NativeMethodAccessorImpl.invoke(NativeMethodAccessorImpl.java:62)
	at sun.reflect.DelegatingMethodAccessorImpl.invoke(DelegatingMethodAccessorImpl.java:43)
	at java.lang.reflect.Method.invoke(Method.java:497)
	at org.testng.internal.MethodInvocationHelper.invokeMethod(MethodInvocationHelper.java:104)
	at org.testng.internal.Invoker.invokeMethod(Invoker.java:645)
	at org.testng.internal.Invoker.invokeTestMethod(Invoker.java:851)
	at org.testng.internal.Invoker.invokeTestMethods(Invoker.java:1177)
	at org.testng.internal.TestMethodWorker.invokeTestMethods(TestMethodWorker.java:129)
	at org.testng.internal.TestMethodWorker.run(TestMethodWorker.java:112)
	at org.testng.TestRunner.privateRun(TestRunner.java:756)
	at org.testng.TestRunner.run(TestRunner.java:610)
	at org.testng.SuiteRunner.runTest(SuiteRunner.java:387)
	at org.testng.SuiteRunner.runSequentially(SuiteRunner.java:382)
	at org.testng.SuiteRunner.privateRun(SuiteRunner.java:340)
	at org.testng.SuiteRunner.run(SuiteRunner.java:289)
	at org.testng.SuiteRunnerWorker.runSuite(SuiteRunnerWorker.java:52)
	at org.testng.SuiteRunnerWorker.run(SuiteRunnerWorker.java:86)
	at org.testng.TestNG.runSuitesSequentially(TestNG.java:1293)
	at org.testng.TestNG.runSuitesLocally(TestNG.java:1218)
	at org.testng.TestNG.runSuites(TestNG.java:1133)
	at org.testng.TestNG.run(TestNG.java:1104)
	at org.testng.remote.AbstractRemoteTestNG.run(AbstractRemoteTestNG.java:132)
	at org.testng.remote.RemoteTestNG.initAndRun(RemoteTestNG.java:236)
	at org.testng.remote.RemoteTestNG.main(RemoteTestNG.java:81)
Caused by: org.openqa.selenium.NoSuchElementException: Unable to locate element: {"method":"xpath","selector":"//a[text()='View Details']"}
For documentation on this error, please visit: http://seleniumhq.org/exceptions/no_such_element.html
Build info: version: '2.46.0', revision: '61506a4624b13675f24581e453592342b7485d71', time: '2015-06-04 10:22:50'
System info: host: 'hmspc101', ip: '192.168.2.114', os.name: 'Windows 10', os.arch: 'amd64', os.version: '10.0', java.version: '1.8.0_65'
Driver info: driver.version: unknown
	at <anonymous class>.FirefoxDriver.prototype.findElementInternal_(file:///C:/Users/deepak/AppData/Local/Temp/anonymous7313089441951514396webdriver-profile/extensions/fxdriver@googlecode.com/components/driver-component.js:10299)
	at <anonymous class>.fxdriver.Timer.prototype.setTimeout/<.notify(file:///C:/Users/deepak/AppData/Local/Temp/anonymous7313089441951514396webdriver-profile/extensions/fxdriver@googlecode.com/components/driver-component.js:603)
]]>
    </error>
  </testcase> <!-- TC_161 -->
  <testcase name="TC_79" time="378.787" classname="com.hotelogix.smoke.FrontdeskTest.Ftest">
    <failure type="java.lang.AssertionError" message="expected [-100.0] but found [12.0]">
      <![CDATA[java.lang.AssertionError: expected [-100.0] but found [12.0]
	at org.testng.Assert.fail(Assert.java:94)
	at org.testng.Assert.failNotEquals(Assert.java:513)
	at org.testng.Assert.assertEquals(Assert.java:260)
	at org.testng.Assert.assertEquals(Assert.java:273)
	at com.hotelogix.smoke.FrontdeskTest.Ftest.TC_79(Ftest.java:1204)
	at sun.reflect.NativeMethodAccessorImpl.invoke0(Native Method)
	at sun.reflect.NativeMethodAccessorImpl.invoke(NativeMethodAccessorImpl.java:62)
	at sun.reflect.DelegatingMethodAccessorImpl.invoke(DelegatingMethodAccessorImpl.java:43)
	at java.lang.reflect.Method.invoke(Method.java:497)
	at org.testng.internal.MethodInvocationHelper.invokeMethod(MethodInvocationHelper.java:104)
	at org.testng.internal.Invoker.invokeMethod(Invoker.java:645)
	at org.testng.internal.Invoker.invokeTestMethod(Invoker.java:851)
	at org.testng.internal.Invoker.invokeTestMethods(Invoker.java:1177)
	at org.testng.internal.TestMethodWorker.invokeTestMethods(TestMethodWorker.java:129)
	at org.testng.internal.TestMethodWorker.run(TestMethodWorker.java:112)
	at org.testng.TestRunner.privateRun(TestRunner.java:756)
	at org.testng.TestRunner.run(TestRunner.java:610)
	at org.testng.SuiteRunner.runTest(SuiteRunner.java:387)
	at org.testng.SuiteRunner.runSequentially(SuiteRunner.java:382)
	at org.testng.SuiteRunner.privateRun(SuiteRunner.java:340)
	at org.testng.SuiteRunner.run(SuiteRunner.java:289)
	at org.testng.SuiteRunnerWorker.runSuite(SuiteRunnerWorker.java:52)
	at org.testng.SuiteRunnerWorker.run(SuiteRunnerWorker.java:86)
	at org.testng.TestNG.runSuitesSequentially(TestNG.java:1293)
	at org.testng.TestNG.runSuitesLocally(TestNG.java:1218)
	at org.testng.TestNG.runSuites(TestNG.java:1133)
	at org.testng.TestNG.run(TestNG.java:1104)
	at org.testng.remote.AbstractRemoteTestNG.run(AbstractRemoteTestNG.java:132)
	at org.testng.remote.RemoteTestNG.initAndRun(RemoteTestNG.java:236)
	at org.testng.remote.RemoteTestNG.main(RemoteTestNG.java:81)
]]>
    </failure>
  </testcase> <!-- TC_79 -->
  <testcase name="TC_48_49_51" time="825.200" classname="com.hotelogix.smoke.FrontdeskTest.Ftest">
    <error type="java.lang.NullPointerException">
      <![CDATA[java.lang.NullPointerException
	at com.hotelogix.smoke.FrontdeskTest.Ftest.TC_48_49_51(Ftest.java:773)
	at sun.reflect.NativeMethodAccessorImpl.invoke0(Native Method)
	at sun.reflect.NativeMethodAccessorImpl.invoke(NativeMethodAccessorImpl.java:62)
	at sun.reflect.DelegatingMethodAccessorImpl.invoke(DelegatingMethodAccessorImpl.java:43)
	at java.lang.reflect.Method.invoke(Method.java:497)
	at org.testng.internal.MethodInvocationHelper.invokeMethod(MethodInvocationHelper.java:104)
	at org.testng.internal.Invoker.invokeMethod(Invoker.java:645)
	at org.testng.internal.Invoker.invokeTestMethod(Invoker.java:851)
	at org.testng.internal.Invoker.invokeTestMethods(Invoker.java:1177)
	at org.testng.internal.TestMethodWorker.invokeTestMethods(TestMethodWorker.java:129)
	at org.testng.internal.TestMethodWorker.run(TestMethodWorker.java:112)
	at org.testng.TestRunner.privateRun(TestRunner.java:756)
	at org.testng.TestRunner.run(TestRunner.java:610)
	at org.testng.SuiteRunner.runTest(SuiteRunner.java:387)
	at org.testng.SuiteRunner.runSequentially(SuiteRunner.java:382)
	at org.testng.SuiteRunner.privateRun(SuiteRunner.java:340)
	at org.testng.SuiteRunner.run(SuiteRunner.java:289)
	at org.testng.SuiteRunnerWorker.runSuite(SuiteRunnerWorker.java:52)
	at org.testng.SuiteRunnerWorker.run(SuiteRunnerWorker.java:86)
	at org.testng.TestNG.runSuitesSequentially(TestNG.java:1293)
	at org.testng.TestNG.runSuitesLocally(TestNG.java:1218)
	at org.testng.TestNG.runSuites(TestNG.java:1133)
	at org.testng.TestNG.run(TestNG.java:1104)
	at org.testng.remote.AbstractRemoteTestNG.run(AbstractRemoteTestNG.java:132)
	at org.testng.remote.RemoteTestNG.initAndRun(RemoteTestNG.java:236)
	at org.testng.remote.RemoteTestNG.main(RemoteTestNG.java:81)
]]>
    </error>
  </testcase> <!-- TC_48_49_51 -->
  <testcase name="TC_42_43_44_45_46_47" time="796.683" classname="com.hotelogix.smoke.FrontdeskTest.Ftest"/>
  <testcase name="TC_80_81_82_83" time="417.050" classname="com.hotelogix.smoke.FrontdeskTest.Ftest"/>
  <testcase name="TC_124_125_126" time="248.915" classname="com.hotelogix.smoke.FrontdeskTest.Ftest"/>
  <testcase name="TC_142_143_144" time="381.881" classname="com.hotelogix.smoke.FrontdeskTest.Ftest">
    <error type="org.openqa.selenium.StaleElementReferenceException" message="Element not found in the cache - perhaps the page has changed since it was looked up
Command duration or timeout: 70.04 seconds
For documentation on this error, please visit: http://seleniumhq.org/exceptions/stale_element_reference.html
Build info: version: &#039;2.46.0&#039;, revision: &#039;61506a4624b13675f24581e453592342b7485d71&#039;, time: &#039;2015-06-04 10:22:50&#039;
System info: host: &#039;hmspc101&#039;, ip: &#039;192.168.2.114&#039;, os.name: &#039;Windows 10&#039;, os.arch: &#039;amd64&#039;, os.version: &#039;10.0&#039;, java.version: &#039;1.8.0_65&#039;
Driver info: org.openqa.selenium.firefox.FirefoxDriver
Capabilities [{applicationCacheEnabled=true, rotatable=false, handlesAlerts=true, databaseEnabled=true, version=40.0, platform=WINDOWS, nativeEvents=false, acceptSslCerts=true, webStorageEnabled=true, locationContextEnabled=true, browserName=firefox, takesScreenshot=true, javascriptEnabled=true, cssSelectorsEnabled=true}]
Session ID: f1191c05-1fe0-45bf-8e83-c43e0c1fa0c9">
      <![CDATA[org.openqa.selenium.StaleElementReferenceException: Element not found in the cache - perhaps the page has changed since it was looked up
Command duration or timeout: 70.04 seconds
For documentation on this error, please visit: http://seleniumhq.org/exceptions/stale_element_reference.html
Build info: version: '2.46.0', revision: '61506a4624b13675f24581e453592342b7485d71', time: '2015-06-04 10:22:50'
System info: host: 'hmspc101', ip: '192.168.2.114', os.name: 'Windows 10', os.arch: 'amd64', os.version: '10.0', java.version: '1.8.0_65'
Driver info: org.openqa.selenium.firefox.FirefoxDriver
Capabilities [{applicationCacheEnabled=true, rotatable=false, handlesAlerts=true, databaseEnabled=true, version=40.0, platform=WINDOWS, nativeEvents=false, acceptSslCerts=true, webStorageEnabled=true, locationContextEnabled=true, browserName=firefox, takesScreenshot=true, javascriptEnabled=true, cssSelectorsEnabled=true}]
Session ID: f1191c05-1fe0-45bf-8e83-c43e0c1fa0c9
	at sun.reflect.NativeConstructorAccessorImpl.newInstance0(Native Method)
	at sun.reflect.NativeConstructorAccessorImpl.newInstance(NativeConstructorAccessorImpl.java:62)
	at sun.reflect.DelegatingConstructorAccessorImpl.newInstance(DelegatingConstructorAccessorImpl.java:45)
	at java.lang.reflect.Constructor.newInstance(Constructor.java:422)
	at org.openqa.selenium.remote.ErrorHandler.createThrowable(ErrorHandler.java:204)
	at org.openqa.selenium.remote.ErrorHandler.throwIfResponseFailed(ErrorHandler.java:156)
	at org.openqa.selenium.remote.RemoteWebDriver.execute(RemoteWebDriver.java:605)
	at org.openqa.selenium.remote.RemoteWebElement.execute(RemoteWebElement.java:269)
	at org.openqa.selenium.remote.RemoteWebElement.getAttribute(RemoteWebElement.java:123)
	at com.hotelogix.smoke.frontdesk.FrontdeskHome.FrontdeskLandingPage.fn_verifyReservation(FrontdeskLandingPage.java:2746)
	at com.hotelogix.smoke.FrontdeskTest.Ftest.TC_142_143_144(Ftest.java:2757)
	at sun.reflect.NativeMethodAccessorImpl.invoke0(Native Method)
	at sun.reflect.NativeMethodAccessorImpl.invoke(NativeMethodAccessorImpl.java:62)
	at sun.reflect.DelegatingMethodAccessorImpl.invoke(DelegatingMethodAccessorImpl.java:43)
	at java.lang.reflect.Method.invoke(Method.java:497)
	at org.testng.internal.MethodInvocationHelper.invokeMethod(MethodInvocationHelper.java:104)
	at org.testng.internal.Invoker.invokeMethod(Invoker.java:645)
	at org.testng.internal.Invoker.invokeTestMethod(Invoker.java:851)
	at org.testng.internal.Invoker.invokeTestMethods(Invoker.java:1177)
	at org.testng.internal.TestMethodWorker.invokeTestMethods(TestMethodWorker.java:129)
	at org.testng.internal.TestMethodWorker.run(TestMethodWorker.java:112)
	at org.testng.TestRunner.privateRun(TestRunner.java:756)
	at org.testng.TestRunner.run(TestRunner.java:610)
	at org.testng.SuiteRunner.runTest(SuiteRunner.java:387)
	at org.testng.SuiteRunner.runSequentially(SuiteRunner.java:382)
	at org.testng.SuiteRunner.privateRun(SuiteRunner.java:340)
	at org.testng.SuiteRunner.run(SuiteRunner.java:289)
	at org.testng.SuiteRunnerWorker.runSuite(SuiteRunnerWorker.java:52)
	at org.testng.SuiteRunnerWorker.run(SuiteRunnerWorker.java:86)
	at org.testng.TestNG.runSuitesSequentially(TestNG.java:1293)
	at org.testng.TestNG.runSuitesLocally(TestNG.java:1218)
	at org.testng.TestNG.runSuites(TestNG.java:1133)
	at org.testng.TestNG.run(TestNG.java:1104)
	at org.testng.remote.AbstractRemoteTestNG.run(AbstractRemoteTestNG.java:132)
	at org.testng.remote.RemoteTestNG.initAndRun(RemoteTestNG.java:236)
	at org.testng.remote.RemoteTestNG.main(RemoteTestNG.java:81)
Caused by: org.openqa.selenium.StaleElementReferenceException: Element not found in the cache - perhaps the page has changed since it was looked up
For documentation on this error, please visit: http://seleniumhq.org/exceptions/stale_element_reference.html
Build info: version: '2.46.0', revision: '61506a4624b13675f24581e453592342b7485d71', time: '2015-06-04 10:22:50'
System info: host: 'hmspc101', ip: '192.168.2.114', os.name: 'Windows 10', os.arch: 'amd64', os.version: '10.0', java.version: '1.8.0_65'
Driver info: driver.version: unknown
	at <anonymous class>.fxdriver.cache.getElementAt(resource://fxdriver/modules/web-element-cache.js:8981)
	at <anonymous class>.Utils.getElementAt(file:///C:/Users/deepak/AppData/Local/Temp/anonymous8365376196391339522webdriver-profile/extensions/fxdriver@googlecode.com/components/command-processor.js:8574)
	at <anonymous class>.WebElement.getElementAttribute(file:///C:/Users/deepak/AppData/Local/Temp/anonymous8365376196391339522webdriver-profile/extensions/fxdriver@googlecode.com/components/command-processor.js:11764)
	at <anonymous class>.DelayedCommand.prototype.executeInternal_/h(file:///C:/Users/deepak/AppData/Local/Temp/anonymous8365376196391339522webdriver-profile/extensions/fxdriver@googlecode.com/components/command-processor.js:12282)
	at <anonymous class>.fxdriver.Timer.prototype.setTimeout/<.notify(file:///C:/Users/deepak/AppData/Local/Temp/anonymous8365376196391339522webdriver-profile/extensions/fxdriver@googlecode.com/components/command-processor.js:603)
]]>
    </error>
  </testcase> <!-- TC_142_143_144 -->
  <testcase name="TC_136_137_138" time="258.929" classname="com.hotelogix.smoke.FrontdeskTest.Ftest"/>
  <testcase name="TC_153_154" time="174.650" classname="com.hotelogix.smoke.FrontdeskTest.Ftest"/>
  <testcase name="TC_120" time="297.852" classname="com.hotelogix.smoke.FrontdeskTest.Ftest"/>
  <testcase name="TC_61_62_63" time="326.777" classname="com.hotelogix.smoke.FrontdeskTest.Ftest">
    <failure type="java.lang.AssertionError" message="expected [200.00] but found [1.00]">
      <![CDATA[java.lang.AssertionError: expected [200.00] but found [1.00]
	at org.testng.Assert.fail(Assert.java:94)
	at org.testng.Assert.failNotEquals(Assert.java:513)
	at org.testng.Assert.assertEqualsImpl(Assert.java:135)
	at org.testng.Assert.assertEquals(Assert.java:116)
	at org.testng.Assert.assertEquals(Assert.java:190)
	at org.testng.Assert.assertEquals(Assert.java:200)
	at com.hotelogix.smoke.frontdesk.ViewDetailsPage.EnableEditingPage.giveDiscount(EnableEditingPage.java:696)
	at com.hotelogix.smoke.FrontdeskTest.Ftest.TC_61_62_63(Ftest.java:1022)
	at sun.reflect.NativeMethodAccessorImpl.invoke0(Native Method)
	at sun.reflect.NativeMethodAccessorImpl.invoke(NativeMethodAccessorImpl.java:62)
	at sun.reflect.DelegatingMethodAccessorImpl.invoke(DelegatingMethodAccessorImpl.java:43)
	at java.lang.reflect.Method.invoke(Method.java:497)
	at org.testng.internal.MethodInvocationHelper.invokeMethod(MethodInvocationHelper.java:104)
	at org.testng.internal.Invoker.invokeMethod(Invoker.java:645)
	at org.testng.internal.Invoker.invokeTestMethod(Invoker.java:851)
	at org.testng.internal.Invoker.invokeTestMethods(Invoker.java:1177)
	at org.testng.internal.TestMethodWorker.invokeTestMethods(TestMethodWorker.java:129)
	at org.testng.internal.TestMethodWorker.run(TestMethodWorker.java:112)
	at org.testng.TestRunner.privateRun(TestRunner.java:756)
	at org.testng.TestRunner.run(TestRunner.java:610)
	at org.testng.SuiteRunner.runTest(SuiteRunner.java:387)
	at org.testng.SuiteRunner.runSequentially(SuiteRunner.java:382)
	at org.testng.SuiteRunner.privateRun(SuiteRunner.java:340)
	at org.testng.SuiteRunner.run(SuiteRunner.java:289)
	at org.testng.SuiteRunnerWorker.runSuite(SuiteRunnerWorker.java:52)
	at org.testng.SuiteRunnerWorker.run(SuiteRunnerWorker.java:86)
	at org.testng.TestNG.runSuitesSequentially(TestNG.java:1293)
	at org.testng.TestNG.runSuitesLocally(TestNG.java:1218)
	at org.testng.TestNG.runSuites(TestNG.java:1133)
	at org.testng.TestNG.run(TestNG.java:1104)
	at org.testng.remote.AbstractRemoteTestNG.run(AbstractRemoteTestNG.java:132)
	at org.testng.remote.RemoteTestNG.initAndRun(RemoteTestNG.java:236)
	at org.testng.remote.RemoteTestNG.main(RemoteTestNG.java:81)
]]>
    </failure>
  </testcase> <!-- TC_61_62_63 -->
  <testcase name="TC_35_36" classname="com.hotelogix.smoke.FrontdeskTest.Ftest">
    <skipped/>
  </testcase> <!-- TC_35_36 -->
  <testcase name="TC_37_38" classname="com.hotelogix.smoke.FrontdeskTest.Ftest">
    <skipped/>
  </testcase> <!-- TC_37_38 -->
  <testcase name="Tc_52_53_54" classname="com.hotelogix.smoke.FrontdeskTest.Ftest">
    <skipped/>
  </testcase> <!-- Tc_52_53_54 -->
  <testcase name="TC_118_119" classname="com.hotelogix.smoke.FrontdeskTest.Ftest">
    <skipped/>
  </testcase> <!-- TC_118_119 -->
  <testcase name="TC_25" classname="com.hotelogix.smoke.FrontdeskTest.Ftest">
    <skipped/>
  </testcase> <!-- TC_25 -->
  <testcase name="TC_156_157" classname="com.hotelogix.smoke.FrontdeskTest.Ftest">
    <skipped/>
  </testcase> <!-- TC_156_157 -->
  <testcase name="TC_92_93_94_95_96_97" classname="com.hotelogix.smoke.FrontdeskTest.Ftest">
    <skipped/>
  </testcase> <!-- TC_92_93_94_95_96_97 -->
  <testcase name="TC_26" classname="com.hotelogix.smoke.FrontdeskTest.Ftest">
    <skipped/>
  </testcase> <!-- TC_26 -->
  <testcase name="TC_139_140_141" classname="com.hotelogix.smoke.FrontdeskTest.Ftest">
    <skipped/>
  </testcase> <!-- TC_139_140_141 -->
  <testcase name="TC_23" classname="com.hotelogix.smoke.FrontdeskTest.Ftest">
    <skipped/>
  </testcase> <!-- TC_23 -->
  <testcase name="TC_24" classname="com.hotelogix.smoke.FrontdeskTest.Ftest">
    <skipped/>
  </testcase> <!-- TC_24 -->
  <testcase name="TC_27" classname="com.hotelogix.smoke.FrontdeskTest.Ftest">
    <skipped/>
  </testcase> <!-- TC_27 -->
  <testcase name="TC_117" classname="com.hotelogix.smoke.FrontdeskTest.Ftest">
    <skipped/>
  </testcase> <!-- TC_117 -->
  <testcase name="TC_127_128" classname="com.hotelogix.smoke.FrontdeskTest.Ftest">
    <skipped/>
  </testcase> <!-- TC_127_128 -->
  <testcase name="TC_105_106_107" classname="com.hotelogix.smoke.FrontdeskTest.Ftest">
    <skipped/>
  </testcase> <!-- TC_105_106_107 -->
  <testcase name="TC_129_130_131_132" classname="com.hotelogix.smoke.FrontdeskTest.Ftest">
    <skipped/>
  </testcase> <!-- TC_129_130_131_132 -->
  <testcase name="TC_31_32_33" classname="com.hotelogix.smoke.FrontdeskTest.Ftest">
    <skipped/>
  </testcase> <!-- TC_31_32_33 -->
  <testcase name="TC_88_89_90" classname="com.hotelogix.smoke.FrontdeskTest.Ftest">
    <skipped/>
  </testcase> <!-- TC_88_89_90 -->
  <testcase name="TC_41" classname="com.hotelogix.smoke.FrontdeskTest.Ftest">
    <skipped/>
  </testcase> <!-- TC_41 -->
  <testcase name="TC_71_72_73_74_75_76_77_78" classname="com.hotelogix.smoke.FrontdeskTest.Ftest">
    <skipped/>
  </testcase> <!-- TC_71_72_73_74_75_76_77_78 -->
  <testcase name="TC_114_115_116" classname="com.hotelogix.smoke.FrontdeskTest.Ftest">
    <skipped/>
  </testcase> <!-- TC_114_115_116 -->
  <testcase name="TC_84_85_86_87" classname="com.hotelogix.smoke.FrontdeskTest.Ftest">
    <skipped/>
  </testcase> <!-- TC_84_85_86_87 -->
  <testcase name="TC_145_146_147_148" classname="com.hotelogix.smoke.FrontdeskTest.Ftest">
    <skipped/>
  </testcase> <!-- TC_145_146_147_148 -->
  <testcase name="TC_vb" classname="com.hotelogix.smoke.FrontdeskTest.Ftest">
    <skipped/>
  </testcase> <!-- TC_vb -->
  <testcase name="TC_110_111_112_113_158_159_160_202_203_204_205" classname="com.hotelogix.smoke.FrontdeskTest.Ftest">
    <skipped/>
  </testcase> <!-- TC_110_111_112_113_158_159_160_202_203_204_205 -->
  <testcase name="TC_121_122" classname="com.hotelogix.smoke.FrontdeskTest.Ftest">
    <skipped/>
  </testcase> <!-- TC_121_122 -->
  <testcase name="TC_37_1_39" classname="com.hotelogix.smoke.FrontdeskTest.Ftest">
    <skipped/>
  </testcase> <!-- TC_37_1_39 -->
  <testcase name="TC_34" classname="com.hotelogix.smoke.FrontdeskTest.Ftest">
    <skipped/>
  </testcase> <!-- TC_34 -->
  <testcase name="TC_152" classname="com.hotelogix.smoke.FrontdeskTest.Ftest">
    <skipped/>
  </testcase> <!-- TC_152 -->
  <testcase name="TC_50" classname="com.hotelogix.smoke.FrontdeskTest.Ftest">
    <skipped/>
  </testcase> <!-- TC_50 -->
  <testcase name="TC_98_99" classname="com.hotelogix.smoke.FrontdeskTest.Ftest">
    <skipped/>
  </testcase> <!-- TC_98_99 -->
  <testcase name="TC_133_134_135" classname="com.hotelogix.smoke.FrontdeskTest.Ftest">
    <skipped/>
  </testcase> <!-- TC_133_134_135 -->
  <testcase name="TC_28_29_30" classname="com.hotelogix.smoke.FrontdeskTest.Ftest">
    <skipped/>
  </testcase> <!-- TC_28_29_30 -->
  <testcase name="TC_222" classname="com.hotelogix.smoke.FrontdeskTest.Ftest">
    <skipped/>
  </testcase> <!-- TC_222 -->
  <testcase name="TC_123" classname="com.hotelogix.smoke.FrontdeskTest.Ftest">
    <skipped/>
  </testcase> <!-- TC_123 -->
  <testcase name="TC_100_101_102_103_104" classname="com.hotelogix.smoke.FrontdeskTest.Ftest">
    <skipped/>
  </testcase> <!-- TC_100_101_102_103_104 -->
  <testcase name="TC_108" classname="com.hotelogix.smoke.FrontdeskTest.Ftest">
    <skipped/>
  </testcase> <!-- TC_108 -->
  <testcase name="TC_109" classname="com.hotelogix.smoke.FrontdeskTest.Ftest">
    <skipped/>
  </testcase> <!-- TC_109 -->
  <testcase name="TC_55_56_57_58_59_60" classname="com.hotelogix.smoke.FrontdeskTest.Ftest">
    <skipped/>
  </testcase> <!-- TC_55_56_57_58_59_60 -->
</testsuite> <!-- com.hotelogix.smoke.FrontdeskTest.Ftest -->
